#
# A fatal error has been detected by the Java Runtime Environment:
#
#  EXCEPTION_ACCESS_VIOLATION (0xc0000005) at pc=0x0000000066df2f98, pid=864, tid=19400
#
# JRE version: Java(TM) SE Runtime Environment (8.0_91-b15) (build 1.8.0_91-b15)
# Java VM: Java HotSpot(TM) 64-Bit Server VM (25.91-b15 mixed mode windows-amd64 compressed oops)
# Problematic frame:
# V  [jvm.dll+0x42f98]
#
# Failed to write core dump. Minidumps are not enabled by default on client versions of Windows
#
# If you would like to submit a bug report, please visit:
#   http://bugreport.java.com/bugreport/crash.jsp
#

---------------  T H R E A D  ---------------

Current thread (0x000000001e026800):  JavaThread "C1 CompilerThread3" daemon [_thread_in_vm, id=19400, stack(0x000000001eb90000,0x000000001ec90000)]

siginfo: ExceptionCode=0xc0000005, reading address 0xffffffffffffffff

Registers:
RAX=0x000000001e026800, RBX=0x0000000002557aa0, RCX=0x0000000002557aa0, RDX=0x0000000002557aa0
RSP=0x000000001ec8d0c0, RBP=0x000000001e06ec60, RSI=0x0000000002557aa0, RDI=0x0000000000000000
R8 =0x052cc95dffff0013, R9 =0x0000000000000000, R10=0x000000001e06ee90, R11=0x000000002313f380
R12=0x000000001e026800, R13=0x000000001e06ec60, R14=0x0000000022459b00, R15=0x0000000000000000
RIP=0x0000000066df2f98, EFLAGS=0x0000000000010202

Top of Stack: (sp=0x000000001ec8d0c0)
0x000000001ec8d0c0:   00000000000000b6 000000001ec8f670
0x000000001ec8d0d0:   0000000000000000 0000000000000077
0x000000001ec8d0e0:   000000002594ac28 000000001ec8f670
0x000000001ec8d0f0:   000000001ec8d1d0 0000000066ddf7e5
0x000000001ec8d100:   00000000000000ec 0000000066df3329
0x000000001ec8d110:   0000000000000077 0000000000000077
0x000000001ec8d120:   0000000000000000 0000000000000000
0x000000001ec8d130:   00000000000000b6 000000001fc2a460
0x000000001ec8d140:   000000001dfa9910 0000000066df15fb
0x000000001ec8d150:   0000000000000000 000000001e026800
0x000000001ec8d160:   000000002245ac70 0000000066ddc86f
0x000000001ec8d170:   000000001e026800 0000000066df6910
0x000000001ec8d180:   000000001e026800 000000001e026800
0x000000001ec8d190:   000000001fc2a460 00000000671ccf7b
0x000000001ec8d1a0:   0000000000000000 0000000000000000
0x000000001ec8d1b0:   000000002245ac70 0000000000000000 

Instructions: (pc=0x0000000066df2f98)
0x0000000066df2f78:   00 48 8b da ff 15 6e 24 59 00 44 0f b6 05 5a 69
0x0000000066df2f88:   7a 00 4c 8b e0 45 84 c0 74 39 4c 8b 03 48 8b cb
0x0000000066df2f98:   41 ff 50 08 84 c0 74 2b 83 7b 08 00 7e 25 0f b6
0x0000000066df2fa8:   83 0e 01 00 00 c0 e8 03 a8 01 74 17 48 8b 03 48 


Register to memory mapping:

RAX=0x000000001e026800 is a thread
RBX=0x0000000002557aa0 is an unknown value
RCX=0x0000000002557aa0 is an unknown value
RDX=0x0000000002557aa0 is an unknown value
RSP=0x000000001ec8d0c0 is pointing into the stack for thread: 0x000000001e026800
RBP=0x000000001e06ec60 is an unknown value
RSI=0x0000000002557aa0 is an unknown value
RDI=0x0000000000000000 is an unknown value
R8 =0x052cc95dffff0013 is an unknown value
R9 =0x0000000000000000 is an unknown value
R10=0x000000001e06ee90 is an unknown value
R11=0x000000002313f380 is an unknown value
R12=0x000000001e026800 is a thread
R13=0x000000001e06ec60 is an unknown value
R14=0x0000000022459b00 is an unknown value
R15=0x0000000000000000 is an unknown value


Stack: [0x000000001eb90000,0x000000001ec90000],  sp=0x000000001ec8d0c0,  free space=1012k
Native frames: (J=compiled Java code, j=interpreted, Vv=VM code, C=native code)
V  [jvm.dll+0x42f98]
V  [jvm.dll+0x43329]
V  [jvm.dll+0x415fb]
V  [jvm.dll+0x41cf7b]
V  [jvm.dll+0x417d5a]
V  [jvm.dll+0x41aba7]
V  [jvm.dll+0x41b36b]
V  [jvm.dll+0x41c287]
V  [jvm.dll+0x41c4e8]
V  [jvm.dll+0x41c91b]
V  [jvm.dll+0x41c475]
V  [jvm.dll+0x4181bb]
V  [jvm.dll+0x41aba7]
V  [jvm.dll+0x41b36b]
V  [jvm.dll+0x41c287]
V  [jvm.dll+0x41c4e8]
V  [jvm.dll+0x41c91b]
V  [jvm.dll+0x41c475]
V  [jvm.dll+0x4181bb]
V  [jvm.dll+0x41aba7]
V  [jvm.dll+0x41b49d]
V  [jvm.dll+0x41c287]
V  [jvm.dll+0x41c4e8]
V  [jvm.dll+0x41c91b]
V  [jvm.dll+0x41c475]
V  [jvm.dll+0x4181bb]
V  [jvm.dll+0x41aba7]
V  [jvm.dll+0x41b36b]
V  [jvm.dll+0x41c287]
V  [jvm.dll+0x41c4e8]
V  [jvm.dll+0x41c91b]
V  [jvm.dll+0x41c475]
V  [jvm.dll+0x4181bb]
V  [jvm.dll+0x41aba7]
V  [jvm.dll+0x41b49d]
V  [jvm.dll+0x41c287]
V  [jvm.dll+0x41c4e8]
V  [jvm.dll+0x41c91b]
V  [jvm.dll+0x41c475]
V  [jvm.dll+0x4181bb]
V  [jvm.dll+0x41aba7]
V  [jvm.dll+0x41b36b]
V  [jvm.dll+0x41c287]
V  [jvm.dll+0x41c4e8]
V  [jvm.dll+0x4181bb]
V  [jvm.dll+0x41aba7]
V  [jvm.dll+0x41b36b]
V  [jvm.dll+0x41c287]
V  [jvm.dll+0x41c4e8]
V  [jvm.dll+0x4181bb]
V  [jvm.dll+0x41aba7]
V  [jvm.dll+0x41b49d]
V  [jvm.dll+0x41b892]
V  [jvm.dll+0x420985]
V  [jvm.dll+0x420a90]
V  [jvm.dll+0x40a258]
V  [jvm.dll+0x40a4c1]
V  [jvm.dll+0x40a682]
V  [jvm.dll+0x40a851]
V  [jvm.dll+0x40aa5f]
V  [jvm.dll+0xa4be2]
V  [jvm.dll+0xa551f]
V  [jvm.dll+0x243ae4]
V  [jvm.dll+0x29a99a]
C  [msvcr100.dll+0x21d9f]
C  [msvcr100.dll+0x21e3b]
C  [KERNEL32.DLL+0x17974]
C  [ntdll.dll+0x6a261]


Current CompileTask:
C1:  16005 5264       3       android.content.res.TypedArray::$$robo$$android_content_res_TypedArray$loadStringValueAt (51 bytes)


---------------  P R O C E S S  ---------------

Java Threads: ( => current thread )
  0x000000002137a000 JavaThread "pool-3-thread-5" [_thread_blocked, id=23320, stack(0x0000000028ea0000,0x0000000028fa0000)]
  0x0000000021380800 JavaThread "pool-3-thread-4" [_thread_blocked, id=8212, stack(0x0000000028da0000,0x0000000028ea0000)]
  0x0000000021380000 JavaThread "pool-3-thread-3" [_thread_blocked, id=14320, stack(0x0000000028ba0000,0x0000000028ca0000)]
  0x000000002137f000 JavaThread "pool-3-thread-2" [_thread_blocked, id=23960, stack(0x0000000028aa0000,0x0000000028ba0000)]
  0x0000000021b23000 JavaThread "SDK 28 Main Thread" [_thread_blocked, id=23900, stack(0x0000000024090000,0x0000000024190000)]
  0x0000000020096000 JavaThread "pool-1-thread-1" [_thread_blocked, id=12624, stack(0x0000000023f90000,0x0000000024090000)]
  0x000000001e0bb000 JavaThread "Service Thread" daemon [_thread_blocked, id=18248, stack(0x000000001ec90000,0x000000001ed90000)]
=>0x000000001e026800 JavaThread "C1 CompilerThread3" daemon [_thread_in_vm, id=19400, stack(0x000000001eb90000,0x000000001ec90000)]
  0x000000001e016800 JavaThread "C2 CompilerThread2" daemon [_thread_blocked, id=9836, stack(0x000000001ea90000,0x000000001eb90000)]
  0x000000001e013800 JavaThread "C2 CompilerThread1" daemon [_thread_blocked, id=15256, stack(0x000000001e990000,0x000000001ea90000)]
  0x000000001e010800 JavaThread "C2 CompilerThread0" daemon [_thread_blocked, id=10400, stack(0x000000001e890000,0x000000001e990000)]
  0x000000001e00d000 JavaThread "Monitor Ctrl-Break" daemon [_thread_in_native, id=25196, stack(0x000000001e790000,0x000000001e890000)]
  0x000000001df99800 JavaThread "Attach Listener" daemon [_thread_blocked, id=24420, stack(0x000000001e690000,0x000000001e790000)]
  0x000000001df98800 JavaThread "Signal Dispatcher" daemon [_thread_blocked, id=9340, stack(0x000000001e590000,0x000000001e690000)]
  0x00000000025f9000 JavaThread "Finalizer" daemon [_thread_blocked, id=15196, stack(0x000000001e370000,0x000000001e470000)]
  0x00000000025f8000 JavaThread "Reference Handler" daemon [_thread_blocked, id=18228, stack(0x000000001de70000,0x000000001df70000)]
  0x0000000002502800 JavaThread "main" [_thread_blocked, id=23000, stack(0x0000000002280000,0x0000000002380000)]

Other Threads:
  0x000000001c079800 VMThread [stack: 0x000000001dd70000,0x000000001de70000] [id=14308]
  0x000000001e118800 WatcherThread [stack: 0x000000001ed90000,0x000000001ee90000] [id=14884]

VM state:synchronizing (normal execution)

VM Mutex/Monitor currently owned by a thread:  ([mutex/lock_event])
[0x00000000023dd770] Threads_lock - owner thread: 0x000000001c079800

Heap:
 PSYoungGen      total 342528K, used 139316K [0x000000076b380000, 0x0000000781f00000, 0x00000007c0000000)
  eden space 333824K, 39% used [0x000000076b380000,0x0000000773343e58,0x000000077f980000)
  from space 8704K, 97% used [0x0000000781680000,0x0000000781ec9548,0x0000000781f00000)
  to   space 13312K, 0% used [0x0000000780500000,0x0000000780500000,0x0000000781200000)
 ParOldGen       total 225792K, used 51191K [0x00000006c1a00000, 0x00000006cf680000, 0x000000076b380000)
  object space 225792K, 22% used [0x00000006c1a00000,0x00000006c4bfdcc8,0x00000006cf680000)
 Metaspace       used 47450K, capacity 52528K, committed 52784K, reserved 1095680K
  class space    used 5312K, capacity 6667K, committed 6704K, reserved 1048576K

Card table byte_map: [0x00000000119c0000,0x00000000121c0000] byte_map_base: 0x000000000e3b3000

Marking Bits: (ParMarkBitMap*) 0x00000000675c2f70
 Begin Bits: [0x0000000012f10000, 0x0000000016ea8000)
 End Bits:   [0x0000000016ea8000, 0x000000001ae40000)

Polling page: 0x0000000000500000

CodeCache: size=245760Kb used=14517Kb max_used=14615Kb free=231242Kb
 bounds [0x0000000002600000, 0x0000000003470000, 0x0000000011600000]
 total_blobs=5293 nmethods=4357 adapters=847
 compilation: enabled

Compilation events (10 events):
Event: 15.917 Thread 0x000000001e013800 5270       4       java.lang.invoke.LambdaForm$MH/1794342397::linkToCallSite (15 bytes)
Event: 15.918 Thread 0x000000001e010800 5271       4       java.lang.invoke.LambdaForm$MH/125095685::delegate (14 bytes)
Event: 15.918 Thread 0x000000001e013800 nmethod 5270 0x00000000031187d0 code [0x0000000003118920, 0x00000000031189f8]
Event: 15.918 Thread 0x000000001e010800 nmethod 5271 0x0000000002ddda10 code [0x0000000002dddb60, 0x0000000002dddc18]
Event: 15.918 Thread 0x000000001e016800 5273       4       java.lang.invoke.LambdaForm$DMH/1652787435::invokeSpecial_LL_V (15 bytes)
Event: 15.919 Thread 0x000000001e016800 nmethod 5273 0x0000000002933710 code [0x0000000002933860, 0x0000000002933908]
Event: 15.919 Thread 0x000000001e013800 5276   !   4       java.lang.invoke.LambdaForm$MH/1419110148::guardWithCatch (75 bytes)
Event: 15.921 Thread 0x000000001e010800 5277  s    4       java.io.ByteArrayInputStream::read (101 bytes)
Event: 15.921 Thread 0x000000001e013800 nmethod 5276 0x0000000002946950 code [0x0000000002946ac0, 0x0000000002946d28]
Event: 15.921 Thread 0x000000001e016800 5279       4       sun.reflect.ClassFileAssembler::emitShort (24 bytes)

GC Heap History (10 events):
Event: 12.260 GC heap before
{Heap before GC invocations=11 (full 2):
 PSYoungGen      total 210432K, used 210191K [0x000000076b380000, 0x000000077b400000, 0x00000007c0000000)
  eden space 205824K, 100% used [0x000000076b380000,0x0000000777c80000,0x0000000777c80000)
  from space 4608K, 94% used [0x000000077af80000,0x000000077b3c3d48,0x000000077b400000)
  to   space 13312K, 0% used [0x0000000779a00000,0x0000000779a00000,0x000000077a700000)
 ParOldGen       total 189952K, used 44112K [0x00000006c1a00000, 0x00000006cd380000, 0x000000076b380000)
  object space 189952K, 23% used [0x00000006c1a00000,0x00000006c4514078,0x00000006cd380000)
 Metaspace       used 32431K, capacity 35525K, committed 35632K, reserved 1081344K
  class space    used 3656K, capacity 4626K, committed 4656K, reserved 1048576K
Event: 12.266 GC heap after
Heap after GC invocations=11 (full 2):
 PSYoungGen      total 249344K, used 8718K [0x000000076b380000, 0x000000077d380000, 0x00000007c0000000)
  eden space 236032K, 0% used [0x000000076b380000,0x000000076b380000,0x0000000779a00000)
  from space 13312K, 65% used [0x0000000779a00000,0x000000077a283930,0x000000077a700000)
  to   space 13312K, 0% used [0x000000077c680000,0x000000077c680000,0x000000077d380000)
 ParOldGen       total 189952K, used 44112K [0x00000006c1a00000, 0x00000006cd380000, 0x000000076b380000)
  object space 189952K, 23% used [0x00000006c1a00000,0x00000006c4514078,0x00000006cd380000)
 Metaspace       used 32431K, capacity 35525K, committed 35632K, reserved 1081344K
  class space    used 3656K, capacity 4626K, committed 4656K, reserved 1048576K
}
Event: 13.373 GC heap before
{Heap before GC invocations=12 (full 2):
 PSYoungGen      total 249344K, used 244750K [0x000000076b380000, 0x000000077d380000, 0x00000007c0000000)
  eden space 236032K, 100% used [0x000000076b380000,0x0000000779a00000,0x0000000779a00000)
  from space 13312K, 65% used [0x0000000779a00000,0x000000077a283930,0x000000077a700000)
  to   space 13312K, 0% used [0x000000077c680000,0x000000077c680000,0x000000077d380000)
 ParOldGen       total 189952K, used 44112K [0x00000006c1a00000, 0x00000006cd380000, 0x000000076b380000)
  object space 189952K, 23% used [0x00000006c1a00000,0x00000006c4514078,0x00000006cd380000)
 Metaspace       used 38255K, capacity 41602K, committed 41904K, reserved 1085440K
  class space    used 4188K, capacity 5179K, committed 5296K, reserved 1048576K
Event: 13.385 GC heap after
Heap after GC invocations=12 (full 2):
 PSYoungGen      total 281088K, used 10977K [0x000000076b380000, 0x000000077f700000, 0x00000007c0000000)
  eden space 267776K, 0% used [0x000000076b380000,0x000000076b380000,0x000000077b900000)
  from space 13312K, 82% used [0x000000077c680000,0x000000077d1386d0,0x000000077d380000)
  to   space 13824K, 0% used [0x000000077b900000,0x000000077b900000,0x000000077c680000)
 ParOldGen       total 189952K, used 44112K [0x00000006c1a00000, 0x00000006cd380000, 0x000000076b380000)
  object space 189952K, 23% used [0x00000006c1a00000,0x00000006c4514078,0x00000006cd380000)
 Metaspace       used 38255K, capacity 41602K, committed 41904K, reserved 1085440K
  class space    used 4188K, capacity 5179K, committed 5296K, reserved 1048576K
}
Event: 13.649 GC heap before
{Heap before GC invocations=13 (full 2):
 PSYoungGen      total 281088K, used 52016K [0x000000076b380000, 0x000000077f700000, 0x00000007c0000000)
  eden space 267776K, 15% used [0x000000076b380000,0x000000076db93ae8,0x000000077b900000)
  from space 13312K, 82% used [0x000000077c680000,0x000000077d1386d0,0x000000077d380000)
  to   space 13824K, 0% used [0x000000077b900000,0x000000077b900000,0x000000077c680000)
 ParOldGen       total 189952K, used 44112K [0x00000006c1a00000, 0x00000006cd380000, 0x000000076b380000)
  object space 189952K, 23% used [0x00000006c1a00000,0x00000006c4514078,0x00000006cd380000)
 Metaspace       used 39362K, capacity 42666K, committed 42748K, reserved 1087488K
  class space    used 4299K, capacity 5279K, committed 5296K, reserved 1048576K
Event: 13.656 GC heap after
Heap after GC invocations=13 (full 2):
 PSYoungGen      total 281600K, used 9612K [0x000000076b380000, 0x0000000782400000, 0x00000007c0000000)
  eden space 267776K, 0% used [0x000000076b380000,0x000000076b380000,0x000000077b900000)
  from space 13824K, 69% used [0x000000077b900000,0x000000077c263220,0x000000077c680000)
  to   space 13824K, 0% used [0x0000000781680000,0x0000000781680000,0x0000000782400000)
 ParOldGen       total 189952K, used 44112K [0x00000006c1a00000, 0x00000006cd380000, 0x000000076b380000)
  object space 189952K, 23% used [0x00000006c1a00000,0x00000006c4514078,0x00000006cd380000)
 Metaspace       used 39362K, capacity 42666K, committed 42748K, reserved 1087488K
  class space    used 4299K, capacity 5279K, committed 5296K, reserved 1048576K
}
Event: 13.656 GC heap before
{Heap before GC invocations=14 (full 3):
 PSYoungGen      total 281600K, used 9612K [0x000000076b380000, 0x0000000782400000, 0x00000007c0000000)
  eden space 267776K, 0% used [0x000000076b380000,0x000000076b380000,0x000000077b900000)
  from space 13824K, 69% used [0x000000077b900000,0x000000077c263220,0x000000077c680000)
  to   space 13824K, 0% used [0x0000000781680000,0x0000000781680000,0x0000000782400000)
 ParOldGen       total 189952K, used 44112K [0x00000006c1a00000, 0x00000006cd380000, 0x000000076b380000)
  object space 189952K, 23% used [0x00000006c1a00000,0x00000006c4514078,0x00000006cd380000)
 Metaspace       used 39362K, capacity 42666K, committed 42748K, reserved 1087488K
  class space    used 4299K, capacity 5279K, committed 5296K, reserved 1048576K
Event: 13.811 GC heap after
Heap after GC invocations=14 (full 3):
 PSYoungGen      total 281600K, used 0K [0x000000076b380000, 0x0000000782400000, 0x00000007c0000000)
  eden space 267776K, 0% used [0x000000076b380000,0x000000076b380000,0x000000077b900000)
  from space 13824K, 0% used [0x000000077b900000,0x000000077b900000,0x000000077c680000)
  to   space 13824K, 0% used [0x0000000781680000,0x0000000781680000,0x0000000782400000)
 ParOldGen       total 225792K, used 51183K [0x00000006c1a00000, 0x00000006cf680000, 0x000000076b380000)
  object space 225792K, 22% used [0x00000006c1a00000,0x00000006c4bfbcc8,0x00000006cf680000)
 Metaspace       used 39362K, capacity 42666K, committed 42748K, reserved 1087488K
  class space    used 4299K, capacity 5279K, committed 5296K, reserved 1048576K
}
Event: 15.385 GC heap before
{Heap before GC invocations=15 (full 3):
 PSYoungGen      total 281600K, used 267776K [0x000000076b380000, 0x0000000782400000, 0x00000007c0000000)
  eden space 267776K, 100% used [0x000000076b380000,0x000000077b900000,0x000000077b900000)
  from space 13824K, 0% used [0x000000077b900000,0x000000077b900000,0x000000077c680000)
  to   space 13824K, 0% used [0x0000000781680000,0x0000000781680000,0x0000000782400000)
 ParOldGen       total 225792K, used 51183K [0x00000006c1a00000, 0x00000006cf680000, 0x000000076b380000)
  object space 225792K, 22% used [0x00000006c1a00000,0x00000006c4bfbcc8,0x00000006cf680000)
 Metaspace       used 46296K, capacity 50570K, committed 50864K, reserved 1093632K
  class space    used 5193K, capacity 6515K, committed 6576K, reserved 1048576K
Event: 15.392 GC heap after
Heap after GC invocations=15 (full 3):
 PSYoungGen      total 342528K, used 8485K [0x000000076b380000, 0x0000000781f00000, 0x00000007c0000000)
  eden space 333824K, 0% used [0x000000076b380000,0x000000076b380000,0x000000077f980000)
  from space 8704K, 97% used [0x0000000781680000,0x0000000781ec9548,0x0000000781f00000)
  to   space 13312K, 0% used [0x0000000780500000,0x0000000780500000,0x0000000781200000)
 ParOldGen       total 225792K, used 51191K [0x00000006c1a00000, 0x00000006cf680000, 0x000000076b380000)
  object space 225792K, 22% used [0x00000006c1a00000,0x00000006c4bfdcc8,0x00000006cf680000)
 Metaspace       used 46296K, capacity 50570K, committed 50864K, reserved 1093632K
  class space    used 5193K, capacity 6515K, committed 6576K, reserved 1048576K
}

Deoptimization events (10 events):
Event: 15.489 Thread 0x0000000002502800 Uncommon trap: reason=class_check action=maybe_recompile pc=0x0000000002f1f830 method=com.google.common.collect.ImmutableSet$RegularSetBuilderImpl.add(Ljava/lang/Object;)Lcom/google/common/collect/ImmutableSet$SetBuilderImpl; @ 6
Event: 15.490 Thread 0x0000000002502800 Uncommon trap: reason=unstable_if action=reinterpret pc=0x0000000002dde2b0 method=org.robolectric.internal.bytecode.MethodRef.equals(Ljava/lang/Object;)Z @ 2
Event: 15.490 Thread 0x0000000021b23000 Uncommon trap: reason=bimorphic action=maybe_recompile pc=0x00000000032636a8 method=java.util.Collections$UnmodifiableCollection.size()I @ 4
Event: 15.490 Thread 0x0000000021b23000 Uncommon trap: reason=bimorphic action=maybe_recompile pc=0x00000000032636a8 method=java.util.Collections$UnmodifiableCollection.size()I @ 4
Event: 15.524 Thread 0x0000000021b23000 Uncommon trap: reason=unstable_if action=reinterpret pc=0x0000000003299d40 method=org.robolectric.res.android.ResTable_config.match(Lorg/robolectric/res/android/ResTable_config;)Z @ 252
Event: 15.534 Thread 0x0000000021b23000 Uncommon trap: reason=class_check action=maybe_recompile pc=0x0000000003074558 method=java.util.Arrays.copyOfRange([Ljava/lang/Object;IILjava/lang/Class;)[Ljava/lang/Object; @ 67
Event: 15.636 Thread 0x0000000021b23000 Uncommon trap: reason=bimorphic action=maybe_recompile pc=0x00000000032636a8 method=java.util.Collections$UnmodifiableCollection.size()I @ 4
Event: 15.636 Thread 0x0000000021b23000 Uncommon trap: reason=bimorphic action=maybe_recompile pc=0x00000000032636a8 method=java.util.Collections$UnmodifiableCollection.size()I @ 4
Event: 15.718 Thread 0x0000000021b23000 Uncommon trap: reason=class_check action=maybe_recompile pc=0x0000000003074558 method=java.util.Arrays.copyOfRange([Ljava/lang/Object;IILjava/lang/Class;)[Ljava/lang/Object; @ 67
Event: 15.748 Thread 0x0000000021b23000 Uncommon trap: reason=class_check action=maybe_recompile pc=0x0000000003074558 method=java.util.Arrays.copyOfRange([Ljava/lang/Object;IILjava/lang/Class;)[Ljava/lang/Object; @ 67

Internal exceptions (10 events):
Event: 15.832 Thread 0x0000000021b23000 Exception <a 'java/lang/reflect/InvocationTargetException'> (0x0000000772011568) thrown at [C:\re\workspace\8-2-build-windows-amd64-cygwin\jdk8u91\7017\hotspot\src\share\vm\runtime\reflection.cpp, line 1092]
Event: 15.859 Thread 0x0000000021b23000 Exception <a 'sun/nio/fs/WindowsException'> (0x00000007726ddb28) thrown at [C:\re\workspace\8-2-build-windows-amd64-cygwin\jdk8u91\7017\hotspot\src\share\vm\prims\jni.cpp, line 709]
Event: 15.862 Thread 0x0000000021b23000 Exception <a 'java/lang/NoClassDefFoundError': com/guerra/enrico/sera/DaggerTestComponent> (0x0000000772727f20) thrown at [C:\re\workspace\8-2-build-windows-amd64-cygwin\jdk8u91\7017\hotspot\src\share\vm\classfile\systemDictionary.cpp, line 199]
Event: 15.862 Thread 0x0000000021b23000 Exception <a 'java/lang/reflect/InvocationTargetException'> (0x0000000772728128) thrown at [C:\re\workspace\8-2-build-windows-amd64-cygwin\jdk8u91\7017\hotspot\src\share\vm\runtime\reflection.cpp, line 1092]
Event: 15.862 Thread 0x0000000021b23000 Exception <a 'java/lang/reflect/InvocationTargetException'> (0x0000000772728c28) thrown at [C:\re\workspace\8-2-build-windows-amd64-cygwin\jdk8u91\7017\hotspot\src\share\vm\runtime\reflection.cpp, line 1092]
Event: 15.881 Thread 0x0000000021b23000 Exception <a 'sun/nio/fs/WindowsException'> (0x0000000772d108f0) thrown at [C:\re\workspace\8-2-build-windows-amd64-cygwin\jdk8u91\7017\hotspot\src\share\vm\prims\jni.cpp, line 709]
Event: 15.883 Thread 0x0000000021b23000 Exception <a 'java/lang/NoClassDefFoundError': com/guerra/enrico/sera/DaggerTestComponent> (0x0000000772d29c60) thrown at [C:\re\workspace\8-2-build-windows-amd64-cygwin\jdk8u91\7017\hotspot\src\share\vm\oops\constantPool.cpp, line 235]
Event: 15.883 Thread 0x0000000021b23000 Exception <a 'java/lang/reflect/InvocationTargetException'> (0x0000000772d29e68) thrown at [C:\re\workspace\8-2-build-windows-amd64-cygwin\jdk8u91\7017\hotspot\src\share\vm\runtime\reflection.cpp, line 1092]
Event: 15.883 Thread 0x0000000021b23000 Exception <a 'java/lang/reflect/InvocationTargetException'> (0x0000000772d2a8f0) thrown at [C:\re\workspace\8-2-build-windows-amd64-cygwin\jdk8u91\7017\hotspot\src\share\vm\runtime\reflection.cpp, line 1092]
Event: 15.920 Thread 0x0000000021b23000 Exception <a 'sun/nio/fs/WindowsException'> (0x0000000773312b00) thrown at [C:\re\workspace\8-2-build-windows-amd64-cygwin\jdk8u91\7017\hotspot\src\share\vm\prims\jni.cpp, line 709]

Events (10 events):
Event: 15.877 loading class com/guerra/enrico/sera/TestSeraApplication done
Event: 15.883 Executing VM operation: RevokeBias
Event: 15.883 Executing VM operation: RevokeBias done
Event: 15.884 Executing VM operation: RevokeBias
Event: 15.884 Executing VM operation: RevokeBias done
Event: 15.884 Executing VM operation: RevokeBias
Event: 15.884 Executing VM operation: RevokeBias done
Event: 15.914 loading class com/guerra/enrico/sera/TestSeraApplication
Event: 15.914 loading class com/guerra/enrico/sera/TestSeraApplication done
Event: 15.922 Executing VM operation: RevokeBias


Dynamic libraries:
0x00007ff749c60000 - 0x00007ff749c97000 	C:\Program Files\Java\jdk1.8.0_91\bin\java.exe
0x00007ffd4ece0000 - 0x00007ffd4eecd000 	C:\WINDOWS\SYSTEM32\ntdll.dll
0x00007ffd4d6c0000 - 0x00007ffd4d773000 	C:\WINDOWS\System32\KERNEL32.DLL
0x00007ffd4b5d0000 - 0x00007ffd4b863000 	C:\WINDOWS\System32\KERNELBASE.dll
0x00007ffd4ea10000 - 0x00007ffd4eab3000 	C:\WINDOWS\System32\ADVAPI32.dll
0x00007ffd4eaf0000 - 0x00007ffd4eb8e000 	C:\WINDOWS\System32\msvcrt.dll
0x00007ffd4bf10000 - 0x00007ffd4bfae000 	C:\WINDOWS\System32\sechost.dll
0x00007ffd4df30000 - 0x00007ffd4e052000 	C:\WINDOWS\System32\RPCRT4.dll
0x00007ffd4e700000 - 0x00007ffd4e897000 	C:\WINDOWS\System32\USER32.dll
0x00007ffd4b870000 - 0x00007ffd4b890000 	C:\WINDOWS\System32\win32u.dll
0x00007ffd4e530000 - 0x00007ffd4e559000 	C:\WINDOWS\System32\GDI32.dll
0x00007ffd4bbc0000 - 0x00007ffd4bd59000 	C:\WINDOWS\System32\gdi32full.dll
0x00007ffd4be60000 - 0x00007ffd4bf00000 	C:\WINDOWS\System32\msvcp_win.dll
0x00007ffd4ba70000 - 0x00007ffd4bb6a000 	C:\WINDOWS\System32\ucrtbase.dll
0x00007ffd38000000 - 0x00007ffd38279000 	C:\WINDOWS\WinSxS\amd64_microsoft.windows.common-controls_6595b64144ccf1df_6.0.17763.1039_none_de701650534c7021\COMCTL32.dll
0x00007ffd4d780000 - 0x00007ffd4daac000 	C:\WINDOWS\System32\combase.dll
0x00007ffd4b550000 - 0x00007ffd4b5ce000 	C:\WINDOWS\System32\bcryptPrimitives.dll
0x00007ffd4eac0000 - 0x00007ffd4eaee000 	C:\WINDOWS\System32\IMM32.DLL
0x0000000068410000 - 0x00000000684e2000 	C:\Program Files\Java\jdk1.8.0_91\jre\bin\msvcr100.dll
0x0000000066db0000 - 0x0000000067643000 	C:\Program Files\Java\jdk1.8.0_91\jre\bin\server\jvm.dll
0x00007ffd4bf00000 - 0x00007ffd4bf08000 	C:\WINDOWS\System32\PSAPI.DLL
0x00007ffd498b0000 - 0x00007ffd498ba000 	C:\WINDOWS\SYSTEM32\VERSION.dll
0x00007ffd49830000 - 0x00007ffd49839000 	C:\WINDOWS\SYSTEM32\WSOCK32.dll
0x00007ffd43460000 - 0x00007ffd43484000 	C:\WINDOWS\SYSTEM32\WINMM.dll
0x00007ffd4e460000 - 0x00007ffd4e4cd000 	C:\WINDOWS\System32\WS2_32.dll
0x00007ffd43220000 - 0x00007ffd4324d000 	C:\WINDOWS\SYSTEM32\winmmbase.dll
0x00007ffd4bd60000 - 0x00007ffd4bdaa000 	C:\WINDOWS\System32\cfgmgr32.dll
0x00000000686e0000 - 0x00000000686ef000 	C:\Program Files\Java\jdk1.8.0_91\jre\bin\verify.dll
0x00000000686b0000 - 0x00000000686d9000 	C:\Program Files\Java\jdk1.8.0_91\jre\bin\java.dll
0x0000000066d20000 - 0x0000000066d43000 	C:\Program Files\Java\jdk1.8.0_91\jre\bin\instrument.dll
0x0000000066d90000 - 0x0000000066da6000 	C:\Program Files\Java\jdk1.8.0_91\jre\bin\zip.dll
0x00007ffd4bfb0000 - 0x00007ffd4d4a4000 	C:\WINDOWS\System32\SHELL32.dll
0x00007ffd4e570000 - 0x00007ffd4e618000 	C:\WINDOWS\System32\shcore.dll
0x00007ffd4ada0000 - 0x00007ffd4b4ed000 	C:\WINDOWS\System32\windows.storage.dll
0x00007ffd4ad70000 - 0x00007ffd4ad94000 	C:\WINDOWS\System32\profapi.dll
0x00007ffd4acd0000 - 0x00007ffd4ad2d000 	C:\WINDOWS\System32\powrprof.dll
0x00007ffd4e6a0000 - 0x00007ffd4e6f2000 	C:\WINDOWS\System32\shlwapi.dll
0x00007ffd4ad50000 - 0x00007ffd4ad61000 	C:\WINDOWS\System32\kernel.appcore.dll
0x00007ffd4bb70000 - 0x00007ffd4bb87000 	C:\WINDOWS\System32\cryptsp.dll
0x00007ffd3bcd0000 - 0x00007ffd3bcea000 	C:\Program Files\Android\Android Studio\bin\breakgen64.dll
0x0000000066d70000 - 0x0000000066d8a000 	C:\Program Files\Java\jdk1.8.0_91\jre\bin\net.dll
0x00007ffd4a540000 - 0x00007ffd4a5a7000 	C:\WINDOWS\system32\mswsock.dll
0x0000000066d50000 - 0x0000000066d61000 	C:\Program Files\Java\jdk1.8.0_91\jre\bin\nio.dll
0x00007ffd4a0c0000 - 0x00007ffd4a0f3000 	C:\WINDOWS\system32\rsaenh.dll
0x00007ffd4bb90000 - 0x00007ffd4bbb6000 	C:\WINDOWS\System32\bcrypt.dll
0x00007ffd4abd0000 - 0x00007ffd4abf8000 	C:\WINDOWS\SYSTEM32\USERENV.dll
0x00007ffd4a710000 - 0x00007ffd4a71c000 	C:\WINDOWS\SYSTEM32\CRYPTBASE.dll
0x00007ffd4a260000 - 0x00007ffd4a29d000 	C:\WINDOWS\SYSTEM32\IPHLPAPI.DLL
0x00007ffd4eb90000 - 0x00007ffd4eb98000 	C:\WINDOWS\System32\NSI.dll
0x00007ffd44a00000 - 0x00007ffd44a16000 	C:\WINDOWS\SYSTEM32\dhcpcsvc6.DLL
0x00007ffd44650000 - 0x00007ffd4466c000 	C:\WINDOWS\SYSTEM32\dhcpcsvc.DLL
0x00007ffd4a2a0000 - 0x00007ffd4a366000 	C:\WINDOWS\SYSTEM32\DNSAPI.dll
0x0000000066cf0000 - 0x0000000066d14000 	C:\Program Files\Java\jdk1.8.0_91\jre\bin\sunec.dll
0x0000000066ce0000 - 0x0000000066ceb000 	C:\Program Files\Java\jdk1.8.0_91\jre\bin\sunmscapi.dll
0x00007ffd4b890000 - 0x00007ffd4ba6c000 	C:\WINDOWS\System32\CRYPT32.dll
0x00007ffd4ad30000 - 0x00007ffd4ad42000 	C:\WINDOWS\System32\MSASN1.dll
0x0000000180000000 - 0x000000018009c000 	C:\Users\fd\AppData\Local\Temp\1583616676719-0\sqlite4java.dll
0x00007ffd42250000 - 0x00007ffd4243d000 	C:\WINDOWS\SYSTEM32\dbghelp.dll

VM Arguments:
jvm_args: -ea -Didea.test.cyclic.buffer.size=1048576 -javaagent:C:\Program Files\Android\Android Studio\lib\idea_rt.jar=59086:C:\Program Files\Android\Android Studio\bin -Dfile.encoding=UTF-8 
java_command: com.intellij.rt.execution.junit.JUnitStarter -ideVersion5 @w@C:\Users\fd\AppData\Local\Temp\idea_working_dirs_junit.tmp @C:\Users\fd\AppData\Local\Temp\idea_junit.tmp -socket59085
java_class_path (initial): C:\Users\fd\AppData\Local\Temp\classpath1442484156.jar;C:\Program Files\Android\Android Studio\lib\idea_rt.jar
Launcher Type: SUN_STANDARD

Environment Variables:
JAVA_HOME=C:\Program Files\Java\jdk1.8.0_91
PATH=C:\Program Files\NVIDIA GPU Computing Toolkit\CUDA\v9.0\bin;C:\Program Files\NVIDIA GPU Computing Toolkit\CUDA\v9.0\libnvvp;C:\Program Files (x86)\Intel\iCLS Client\;C:\Program Files\Intel\iCLS Client\;C:\WINDOWS\system32;C:\WINDOWS;C:\WINDOWS\System32\Wbem;C:\WINDOWS\System32\WindowsPowerShell\v1.0\;C:\Program Files\Intel\Intel(R) Management Engine Components\DAL;C:\Program Files (x86)\Intel\Intel(R) Management Engine Components\DAL;C:\Program Files\Intel\Intel(R) Management Engine Components\IPT;C:\Program Files (x86)\Intel\Intel(R) Management Engine Components\IPT;C:\Program Files (x86)\GtkSharp\2.12\bin;D:\Android\ndk\android-ndk-r10e;C:\Program Files\Microsoft SQL Server\130\Tools\Binn\;C:\Program Files\dotnet\;C:\Program Files\Git\cmd;C:\WINDOWS\System32\OpenSSH\;C:\ProgramData\chocolatey\bin;C:\Program Files (x86)\Yarn\bin\;C:\Program Files (x86)\NVIDIA Corporation\PhysX\Common;C:\Python36\;C:\Python36\Scripts\;C:\Python27\;C:\Python27\Scripts;C:\Program Files\NVIDIA Corporation\NVIDIA NvDLISR;C:\Program Files\nodejs\;D:\Android\sdk\platform-tools\adb;C:\WINDOWS\system32;C:\WINDOWS;C:\WINDOWS\System32\Wbem;C:\WINDOWS\System32\WindowsPowerShell\v1.0\;C:\WINDOWS\System32\OpenSSH\;D:\Android\sdk\platform-tools;C:\Python36\Scripts\;C:\Python36\;C:\Users\fd\AppData\Local\Microsoft\WindowsApps;C:\Program Files\Heroku\bin;C:\Program Files\Microsoft VS Code\bin;C:\Users\fd\AppData\Local\GitHubDesktop\bin;C:\Users\fd\AppData\Local\Programs\Microsoft VS Code\bin;C:\Users\fd\AppData\Local\Yarn\bin;D:\Flutter\sdk\flutter\bin;C:\Users\fd\AppData\Roaming\npm;C:\Users\fd\AppData\Local\Microsoft\WindowsApps;C:\Program Files\Docker Toolbox;D:\Android\sdk\platform-tools;
USERNAME=enrico
OS=Windows_NT
PROCESSOR_IDENTIFIER=Intel64 Family 6 Model 70 Stepping 1, GenuineIntel



---------------  S Y S T E M  ---------------

OS: Windows 10.0 , 64 bit Build 17763 (10.0.17763.475)

CPU:total 8 (4 cores per cpu, 2 threads per core) family 6 model 70 stepping 1, cmov, cx8, fxsr, mmx, sse, sse2, sse3, ssse3, sse4.1, sse4.2, popcnt, avx, avx2, aes, clmul, erms, lzcnt, ht, tsc, tscinvbit, bmi1, bmi2

Memory: 4k page, physical 16663504k(7000808k free), swap 22456480k(10004060k free)

vm_info: Java HotSpot(TM) 64-Bit Server VM (25.91-b15) for windows-amd64 JRE (1.8.0_91-b15), built on May 20 2016 17:43:15 by "java_re" with MS VC++ 10.0 (VS2010)

time: Sat Mar 07 22:31:18 2020
elapsed time: 16 seconds (0d 0h 0m 16s)

