#
# A fatal error has been detected by the Java Runtime Environment:
#
#  EXCEPTION_ACCESS_VIOLATION (0xc0000005) at pc=0x0000000066df2f98, pid=13468, tid=19752
#
# JRE version: Java(TM) SE Runtime Environment (8.0_91-b15) (build 1.8.0_91-b15)
# Java VM: Java HotSpot(TM) 64-Bit Server VM (25.91-b15 mixed mode windows-amd64 compressed oops)
# Problematic frame:
# V  [jvm.dll+0x42f98]
#
# Failed to write core dump. Minidumps are not enabled by default on client versions of Windows
#
# If you would like to submit a bug report, please visit:
#   http://bugreport.java.com/bugreport/crash.jsp
#

---------------  T H R E A D  ---------------

Current thread (0x000000001e614000):  JavaThread "C1 CompilerThread3" daemon [_thread_in_vm, id=19752, stack(0x000000001f180000,0x000000001f280000)]

siginfo: ExceptionCode=0xc0000005, reading address 0xffffffffffffffff

Registers:
RAX=0x000000001e614000, RBX=0x0000000002bc5a90, RCX=0x0000000002bc5a90, RDX=0x0000000002bc5a90
RSP=0x000000001f27d350, RBP=0x0000000022a31ba0, RSI=0x0000000002bc5a90, RDI=0x0000000000000000
R8 =0x052cc95dffff0013, R9 =0x0000000000000000, R10=0x0000000022a31dd0, R11=0x00000000255209c0
R12=0x000000001e614000, R13=0x0000000022a31ba0, R14=0x000000002083d530, R15=0x0000000000000000
RIP=0x0000000066df2f98, EFLAGS=0x0000000000010202

Top of Stack: (sp=0x000000001f27d350)
0x000000001f27d350:   00000000000000b6 000000001f27f900
0x000000001f27d360:   0000000000000000 0000000000000077
0x000000001f27d370:   00000000234ceee0 000000001f27f900
0x000000001f27d380:   000000001f27d460 0000000066ddf7e5
0x000000001f27d390:   00000000000000eb 0000000066df3329
0x000000001f27d3a0:   0000000000000077 0000000000000077
0x000000001f27d3b0:   0000000000000000 0000000000000000
0x000000001f27d3c0:   00000000000000b6 000000001fcacdf0
0x000000001f27d3d0:   000000001e59ca90 0000000066df15fb
0x000000001f27d3e0:   0000000000000000 000000001e614000
0x000000001f27d3f0:   000000002083e6a0 0000000066ddc86f
0x000000001f27d400:   000000001e614000 0000000066df6910
0x000000001f27d410:   000000001e614000 000000001e614000
0x000000001f27d420:   000000001fcacdf0 00000000671ccf7b
0x000000001f27d430:   0000000000000000 0000000000000000
0x000000001f27d440:   000000002083e6a0 0000000000000000 

Instructions: (pc=0x0000000066df2f98)
0x0000000066df2f78:   00 48 8b da ff 15 6e 24 59 00 44 0f b6 05 5a 69
0x0000000066df2f88:   7a 00 4c 8b e0 45 84 c0 74 39 4c 8b 03 48 8b cb
0x0000000066df2f98:   41 ff 50 08 84 c0 74 2b 83 7b 08 00 7e 25 0f b6
0x0000000066df2fa8:   83 0e 01 00 00 c0 e8 03 a8 01 74 17 48 8b 03 48 


Register to memory mapping:

RAX=0x000000001e614000 is a thread
RBX=0x0000000002bc5a90 is an unknown value
RCX=0x0000000002bc5a90 is an unknown value
RDX=0x0000000002bc5a90 is an unknown value
RSP=0x000000001f27d350 is pointing into the stack for thread: 0x000000001e614000
RBP=0x0000000022a31ba0 is an unknown value
RSI=0x0000000002bc5a90 is an unknown value
RDI=0x0000000000000000 is an unknown value
R8 =0x052cc95dffff0013 is an unknown value
R9 =0x0000000000000000 is an unknown value
R10=0x0000000022a31dd0 is an unknown value
R11=0x00000000255209c0 is an unknown value
R12=0x000000001e614000 is a thread
R13=0x0000000022a31ba0 is an unknown value
R14=0x000000002083d530 is an unknown value
R15=0x0000000000000000 is an unknown value


Stack: [0x000000001f180000,0x000000001f280000],  sp=0x000000001f27d350,  free space=1012k
Native frames: (J=compiled Java code, j=interpreted, Vv=VM code, C=native code)
V  [jvm.dll+0x42f98]
V  [jvm.dll+0x43329]
V  [jvm.dll+0x415fb]
V  [jvm.dll+0x41cf7b]
V  [jvm.dll+0x417d5a]
V  [jvm.dll+0x41aba7]
V  [jvm.dll+0x41b36b]
V  [jvm.dll+0x41c287]
V  [jvm.dll+0x41c4e8]
V  [jvm.dll+0x41c91b]
V  [jvm.dll+0x41c475]
V  [jvm.dll+0x4181bb]
V  [jvm.dll+0x41aba7]
V  [jvm.dll+0x41b36b]
V  [jvm.dll+0x41c287]
V  [jvm.dll+0x41c4e8]
V  [jvm.dll+0x41c91b]
V  [jvm.dll+0x41c475]
V  [jvm.dll+0x4181bb]
V  [jvm.dll+0x41aba7]
V  [jvm.dll+0x41b49d]
V  [jvm.dll+0x41c287]
V  [jvm.dll+0x41c4e8]
V  [jvm.dll+0x41c91b]
V  [jvm.dll+0x41c475]
V  [jvm.dll+0x4181bb]
V  [jvm.dll+0x41aba7]
V  [jvm.dll+0x41b36b]
V  [jvm.dll+0x41c287]
V  [jvm.dll+0x41c4e8]
V  [jvm.dll+0x41c91b]
V  [jvm.dll+0x41c475]
V  [jvm.dll+0x4181bb]
V  [jvm.dll+0x41aba7]
V  [jvm.dll+0x41b49d]
V  [jvm.dll+0x41c287]
V  [jvm.dll+0x41c4e8]
V  [jvm.dll+0x41c91b]
V  [jvm.dll+0x41c475]
V  [jvm.dll+0x4181bb]
V  [jvm.dll+0x41aba7]
V  [jvm.dll+0x41b36b]
V  [jvm.dll+0x41c287]
V  [jvm.dll+0x41c4e8]
V  [jvm.dll+0x4181bb]
V  [jvm.dll+0x41aba7]
V  [jvm.dll+0x41b36b]
V  [jvm.dll+0x41c287]
V  [jvm.dll+0x41c4e8]
V  [jvm.dll+0x4181bb]
V  [jvm.dll+0x41aba7]
V  [jvm.dll+0x41b49d]
V  [jvm.dll+0x41b892]
V  [jvm.dll+0x420985]
V  [jvm.dll+0x420a90]
V  [jvm.dll+0x40a258]
V  [jvm.dll+0x40a4c1]
V  [jvm.dll+0x40a682]
V  [jvm.dll+0x40a851]
V  [jvm.dll+0x40aa5f]
V  [jvm.dll+0xa4be2]
V  [jvm.dll+0xa551f]
V  [jvm.dll+0x243ae4]
V  [jvm.dll+0x29a99a]
C  [msvcr100.dll+0x21d9f]
C  [msvcr100.dll+0x21e3b]
C  [KERNEL32.DLL+0x17974]
C  [ntdll.dll+0x6a261]


Current CompileTask:
C1:   7370 5548       3       android.content.res.TypedArray::$$robo$$android_content_res_TypedArray$loadStringValueAt (51 bytes)


---------------  P R O C E S S  ---------------

Java Threads: ( => current thread )
  0x0000000023856800 JavaThread "pool-2-thread-4" [_thread_blocked, id=26408, stack(0x0000000028050000,0x0000000028150000)]
  0x0000000023855000 JavaThread "pool-2-thread-3" [_thread_blocked, id=22660, stack(0x0000000027a20000,0x0000000027b20000)]
  0x0000000023858000 JavaThread "pool-2-thread-2" [_thread_blocked, id=26260, stack(0x0000000027920000,0x0000000027a20000)]
  0x0000000023857000 JavaThread "pool-2-thread-1" [_thread_blocked, id=14552, stack(0x0000000024c90000,0x0000000024d90000)]
  0x00000000223f8800 JavaThread "SDK 28 Main Thread" [_thread_blocked, id=8136, stack(0x0000000023390000,0x0000000023490000)]
  0x000000001e6a4000 JavaThread "Service Thread" daemon [_thread_blocked, id=12508, stack(0x000000001f280000,0x000000001f380000)]
=>0x000000001e614000 JavaThread "C1 CompilerThread3" daemon [_thread_in_vm, id=19752, stack(0x000000001f180000,0x000000001f280000)]
  0x000000001e604800 JavaThread "C2 CompilerThread2" daemon [_thread_blocked, id=22156, stack(0x000000001f080000,0x000000001f180000)]
  0x000000001e601000 JavaThread "C2 CompilerThread1" daemon [_thread_blocked, id=9472, stack(0x000000001ef80000,0x000000001f080000)]
  0x000000001e5fa000 JavaThread "C2 CompilerThread0" daemon [_thread_blocked, id=2980, stack(0x000000001ee80000,0x000000001ef80000)]
  0x000000001e5f7000 JavaThread "Monitor Ctrl-Break" daemon [_thread_in_native, id=12788, stack(0x000000001ed80000,0x000000001ee80000)]
  0x000000001e588800 JavaThread "Attach Listener" daemon [_thread_blocked, id=19728, stack(0x000000001ec80000,0x000000001ed80000)]
  0x000000001e581800 JavaThread "Signal Dispatcher" daemon [_thread_blocked, id=16308, stack(0x000000001eb80000,0x000000001ec80000)]
  0x0000000002c69800 JavaThread "Finalizer" daemon [_thread_blocked, id=7920, stack(0x000000001e960000,0x000000001ea60000)]
  0x0000000002c68000 JavaThread "Reference Handler" daemon [_thread_blocked, id=19856, stack(0x000000001e460000,0x000000001e560000)]
  0x0000000002b72800 JavaThread "main" [_thread_blocked, id=13248, stack(0x0000000002970000,0x0000000002a70000)]

Other Threads:
  0x000000001c69a000 VMThread [stack: 0x000000001e360000,0x000000001e460000] [id=10400]
  0x000000001e6eb000 WatcherThread [stack: 0x000000001f380000,0x000000001f480000] [id=24828]

VM state:synchronizing (normal execution)

VM Mutex/Monitor currently owned by a thread:  ([mutex/lock_event])
[0x00000000028fcff0] Threads_lock - owner thread: 0x000000001c69a000

Heap:
 PSYoungGen      total 382464K, used 56295K [0x000000076b380000, 0x0000000787200000, 0x00000007c0000000)
  eden space 363008K, 13% used [0x000000076b380000,0x000000076e516278,0x0000000781600000)
  from space 19456K, 28% used [0x0000000781600000,0x0000000781b63cb0,0x0000000782900000)
  to   space 18944K, 0% used [0x0000000785f80000,0x0000000785f80000,0x0000000787200000)
 ParOldGen       total 293888K, used 55058K [0x00000006c1a00000, 0x00000006d3900000, 0x000000076b380000)
  object space 293888K, 18% used [0x00000006c1a00000,0x00000006c4fc4ac0,0x00000006d3900000)
 Metaspace       used 48352K, capacity 53860K, committed 54096K, reserved 1095680K
  class space    used 5382K, capacity 6877K, committed 6992K, reserved 1048576K

Card table byte_map: [0x0000000012030000,0x0000000012830000] byte_map_base: 0x000000000ea23000

Marking Bits: (ParMarkBitMap*) 0x00000000675c2f70
 Begin Bits: [0x0000000013580000, 0x0000000017518000)
 End Bits:   [0x0000000017518000, 0x000000001b4b0000)

Polling page: 0x0000000000b90000

CodeCache: size=245760Kb used=15753Kb max_used=15753Kb free=230006Kb
 bounds [0x0000000002c70000, 0x0000000003bf0000, 0x0000000011c70000]
 total_blobs=5646 nmethods=4682 adapters=875
 compilation: enabled

Compilation events (10 events):
Event: 7.338 Thread 0x000000001e614000 5541       3       android.content.res.TypedArray::recycle (7 bytes)
Event: 7.339 Thread 0x000000001e614000 nmethod 5541 0x0000000003bd5ad0 code [0x0000000003bd5e00, 0x0000000003bd7628]
Event: 7.339 Thread 0x000000001e614000 5542       3       android.content.res.TypedArray::$$robo$$android_content_res_TypedArray$recycle (71 bytes)
Event: 7.339 Thread 0x000000001e604800 nmethod 5530 0x0000000003bdbd90 code [0x0000000003bdbf00, 0x0000000003bdc658]
Event: 7.341 Thread 0x000000001e614000 nmethod 5542 0x0000000003bdcbd0 code [0x0000000003bdcfc0, 0x0000000003bdf378]
Event: 7.341 Thread 0x000000001e614000 5551       1       sun.nio.cs.UnicodeDecoder::implReset (9 bytes)
Event: 7.341 Thread 0x000000001e614000 nmethod 5551 0x0000000003bdbad0 code [0x0000000003bdbc20, 0x0000000003bdbd30]
Event: 7.341 Thread 0x000000001e614000 5550       3       org.robolectric.res.android.CppAssetManager2::GetResource (236 bytes)
Event: 7.342 Thread 0x000000001e614000 nmethod 5550 0x0000000003be0ed0 code [0x0000000003be1320, 0x0000000003be3df8]
Event: 7.342 Thread 0x000000001e614000 5548       3       android.content.res.TypedArray::$$robo$$android_content_res_TypedArray$loadStringValueAt (51 bytes)

GC Heap History (10 events):
Event: 4.910 GC heap before
{Heap before GC invocations=10 (full 2):
 PSYoungGen      total 267776K, used 257539K [0x000000076b380000, 0x0000000780080000, 0x00000007c0000000)
  eden space 251392K, 100% used [0x000000076b380000,0x000000077a900000,0x000000077a900000)
  from space 16384K, 37% used [0x000000077a900000,0x000000077af00de0,0x000000077b900000)
  to   space 15872K, 0% used [0x000000077f100000,0x000000077f100000,0x0000000780080000)
 ParOldGen       total 234496K, used 45757K [0x00000006c1a00000, 0x00000006cff00000, 0x000000076b380000)
  object space 234496K, 19% used [0x00000006c1a00000,0x00000006c46af6e8,0x00000006cff00000)
 Metaspace       used 34292K, capacity 37645K, committed 37936K, reserved 1083392K
  class space    used 3790K, capacity 4792K, committed 4912K, reserved 1048576K
Event: 4.922 GC heap after
Heap after GC invocations=10 (full 2):
 PSYoungGen      total 321536K, used 15867K [0x000000076b380000, 0x0000000783180000, 0x00000007c0000000)
  eden space 305664K, 0% used [0x000000076b380000,0x000000076b380000,0x000000077de00000)
  from space 15872K, 99% used [0x000000077f100000,0x000000078007eef8,0x0000000780080000)
  to   space 19456K, 0% used [0x000000077de00000,0x000000077de00000,0x000000077f100000)
 ParOldGen       total 234496K, used 48255K [0x00000006c1a00000, 0x00000006cff00000, 0x000000076b380000)
  object space 234496K, 20% used [0x00000006c1a00000,0x00000006c491fce0,0x00000006cff00000)
 Metaspace       used 34292K, capacity 37645K, committed 37936K, reserved 1083392K
  class space    used 3790K, capacity 4792K, committed 4912K, reserved 1048576K
}
Event: 5.615 GC heap before
{Heap before GC invocations=11 (full 2):
 PSYoungGen      total 321536K, used 223709K [0x000000076b380000, 0x0000000783180000, 0x00000007c0000000)
  eden space 305664K, 67% used [0x000000076b380000,0x0000000777e78820,0x000000077de00000)
  from space 15872K, 99% used [0x000000077f100000,0x000000078007eef8,0x0000000780080000)
  to   space 19456K, 0% used [0x000000077de00000,0x000000077de00000,0x000000077f100000)
 ParOldGen       total 234496K, used 48255K [0x00000006c1a00000, 0x00000006cff00000, 0x000000076b380000)
  object space 234496K, 20% used [0x00000006c1a00000,0x00000006c491fce0,0x00000006cff00000)
 Metaspace       used 40534K, capacity 44150K, committed 44240K, reserved 1087488K
  class space    used 4426K, capacity 5557K, committed 5584K, reserved 1048576K
Event: 5.624 GC heap after
Heap after GC invocations=11 (full 2):
 PSYoungGen      total 325120K, used 12335K [0x000000076b380000, 0x0000000784880000, 0x00000007c0000000)
  eden space 305664K, 0% used [0x000000076b380000,0x000000076b380000,0x000000077de00000)
  from space 19456K, 63% used [0x000000077de00000,0x000000077ea0be30,0x000000077f100000)
  to   space 19456K, 0% used [0x0000000783580000,0x0000000783580000,0x0000000784880000)
 ParOldGen       total 234496K, used 48263K [0x00000006c1a00000, 0x00000006cff00000, 0x000000076b380000)
  object space 234496K, 20% used [0x00000006c1a00000,0x00000006c4921ce0,0x00000006cff00000)
 Metaspace       used 40534K, capacity 44150K, committed 44240K, reserved 1087488K
  class space    used 4426K, capacity 5557K, committed 5584K, reserved 1048576K
}
Event: 5.624 GC heap before
{Heap before GC invocations=12 (full 3):
 PSYoungGen      total 325120K, used 12335K [0x000000076b380000, 0x0000000784880000, 0x00000007c0000000)
  eden space 305664K, 0% used [0x000000076b380000,0x000000076b380000,0x000000077de00000)
  from space 19456K, 63% used [0x000000077de00000,0x000000077ea0be30,0x000000077f100000)
  to   space 19456K, 0% used [0x0000000783580000,0x0000000783580000,0x0000000784880000)
 ParOldGen       total 234496K, used 48263K [0x00000006c1a00000, 0x00000006cff00000, 0x000000076b380000)
  object space 234496K, 20% used [0x00000006c1a00000,0x00000006c4921ce0,0x00000006cff00000)
 Metaspace       used 40534K, capacity 44150K, committed 44240K, reserved 1087488K
  class space    used 4426K, capacity 5557K, committed 5584K, reserved 1048576K
Event: 5.729 GC heap after
Heap after GC invocations=12 (full 3):
 PSYoungGen      total 325120K, used 0K [0x000000076b380000, 0x0000000784880000, 0x00000007c0000000)
  eden space 305664K, 0% used [0x000000076b380000,0x000000076b380000,0x000000077de00000)
  from space 19456K, 0% used [0x000000077de00000,0x000000077de00000,0x000000077f100000)
  to   space 19456K, 0% used [0x0000000783580000,0x0000000783580000,0x0000000784880000)
 ParOldGen       total 293888K, used 55034K [0x00000006c1a00000, 0x00000006d3900000, 0x000000076b380000)
  object space 293888K, 18% used [0x00000006c1a00000,0x00000006c4fbeac0,0x00000006d3900000)
 Metaspace       used 40534K, capacity 44150K, committed 44240K, reserved 1087488K
  class space    used 4426K, capacity 5557K, committed 5584K, reserved 1048576K
}
Event: 6.663 GC heap before
{Heap before GC invocations=13 (full 3):
 PSYoungGen      total 325120K, used 305664K [0x000000076b380000, 0x0000000784880000, 0x00000007c0000000)
  eden space 305664K, 100% used [0x000000076b380000,0x000000077de00000,0x000000077de00000)
  from space 19456K, 0% used [0x000000077de00000,0x000000077de00000,0x000000077f100000)
  to   space 19456K, 0% used [0x0000000783580000,0x0000000783580000,0x0000000784880000)
 ParOldGen       total 293888K, used 55034K [0x00000006c1a00000, 0x00000006d3900000, 0x000000076b380000)
  object space 293888K, 18% used [0x00000006c1a00000,0x00000006c4fbeac0,0x00000006d3900000)
 Metaspace       used 46581K, capacity 51298K, committed 51536K, reserved 1093632K
  class space    used 5248K, capacity 6675K, committed 6736K, reserved 1048576K
Event: 6.668 GC heap after
Heap after GC invocations=13 (full 3):
 PSYoungGen      total 366592K, used 6299K [0x000000076b380000, 0x0000000783c00000, 0x00000007c0000000)
  eden space 359936K, 0% used [0x000000076b380000,0x000000076b380000,0x0000000781300000)
  from space 6656K, 94% used [0x0000000783580000,0x0000000783ba6ec0,0x0000000783c00000)
  to   space 19456K, 0% used [0x0000000781600000,0x0000000781600000,0x0000000782900000)
 ParOldGen       total 293888K, used 55042K [0x00000006c1a00000, 0x00000006d3900000, 0x000000076b380000)
  object space 293888K, 18% used [0x00000006c1a00000,0x00000006c4fc0ac0,0x00000006d3900000)
 Metaspace       used 46581K, capacity 51298K, committed 51536K, reserved 1093632K
  class space    used 5248K, capacity 6675K, committed 6736K, reserved 1048576K
}
Event: 7.295 GC heap before
{Heap before GC invocations=14 (full 3):
 PSYoungGen      total 366592K, used 364875K [0x000000076b380000, 0x0000000783c00000, 0x00000007c0000000)
  eden space 359936K, 99% used [0x000000076b380000,0x00000007811abd58,0x0000000781300000)
  from space 6656K, 94% used [0x0000000783580000,0x0000000783ba6ec0,0x0000000783c00000)
  to   space 19456K, 0% used [0x0000000781600000,0x0000000781600000,0x0000000782900000)
 ParOldGen       total 293888K, used 55042K [0x00000006c1a00000, 0x00000006d3900000, 0x000000076b380000)
  object space 293888K, 18% used [0x00000006c1a00000,0x00000006c4fc0ac0,0x00000006d3900000)
 Metaspace       used 48316K, capacity 53780K, committed 54096K, reserved 1095680K
  class space    used 5380K, capacity 6875K, committed 6992K, reserved 1048576K
Event: 7.301 GC heap after
Heap after GC invocations=14 (full 3):
 PSYoungGen      total 382464K, used 5519K [0x000000076b380000, 0x0000000787200000, 0x00000007c0000000)
  eden space 363008K, 0% used [0x000000076b380000,0x000000076b380000,0x0000000781600000)
  from space 19456K, 28% used [0x0000000781600000,0x0000000781b63cb0,0x0000000782900000)
  to   space 18944K, 0% used [0x0000000785f80000,0x0000000785f80000,0x0000000787200000)
 ParOldGen       total 293888K, used 55058K [0x00000006c1a00000, 0x00000006d3900000, 0x000000076b380000)
  object space 293888K, 18% used [0x00000006c1a00000,0x00000006c4fc4ac0,0x00000006d3900000)
 Metaspace       used 48316K, capacity 53780K, committed 54096K, reserved 1095680K
  class space    used 5380K, capacity 6875K, committed 6992K, reserved 1048576K
}

Deoptimization events (10 events):
Event: 6.829 Thread 0x00000000223f8800 Uncommon trap: reason=class_check action=maybe_recompile pc=0x0000000003971dfc method=java.util.AbstractList.equals(Ljava/lang/Object;)Z @ 8
Event: 6.829 Thread 0x00000000223f8800 Uncommon trap: reason=class_check action=maybe_recompile pc=0x000000000388193c method=java.util.AbstractList.rangeCheckForAdd(I)V @ 6
Event: 6.834 Thread 0x00000000223f8800 Uncommon trap: reason=bimorphic action=maybe_recompile pc=0x00000000039b2ea8 method=java.util.Collections$UnmodifiableCollection.size()I @ 4
Event: 6.834 Thread 0x00000000223f8800 Uncommon trap: reason=bimorphic action=maybe_recompile pc=0x00000000039b2ea8 method=java.util.Collections$UnmodifiableCollection.size()I @ 4
Event: 6.898 Thread 0x00000000223f8800 Uncommon trap: reason=class_check action=maybe_recompile pc=0x0000000003971dfc method=java.util.AbstractList.equals(Ljava/lang/Object;)Z @ 8
Event: 6.898 Thread 0x00000000223f8800 Uncommon trap: reason=class_check action=maybe_recompile pc=0x000000000388193c method=java.util.AbstractList.rangeCheckForAdd(I)V @ 6
Event: 7.305 Thread 0x0000000002c69800 Uncommon trap: reason=speculate_class_check action=maybe_recompile pc=0x0000000003a57960 method=java.lang.invoke.LambdaForm$MH/862926997.guardWithCatch(Ljava/lang/Object;Ljava/lang/Object;)V @ 50
Event: 7.305 Thread 0x0000000002c69800 Uncommon trap: reason=speculate_class_check action=maybe_recompile pc=0x0000000003a57960 method=java.lang.invoke.LambdaForm$MH/862926997.guardWithCatch(Ljava/lang/Object;Ljava/lang/Object;)V @ 50
Event: 7.308 Thread 0x0000000002c69800 Uncommon trap: reason=speculate_class_check action=maybe_recompile pc=0x0000000003a57960 method=java.lang.invoke.LambdaForm$MH/862926997.guardWithCatch(Ljava/lang/Object;Ljava/lang/Object;)V @ 50
Event: 7.311 Thread 0x0000000002c69800 Uncommon trap: reason=speculate_class_check action=maybe_recompile pc=0x0000000003a57960 method=java.lang.invoke.LambdaForm$MH/862926997.guardWithCatch(Ljava/lang/Object;Ljava/lang/Object;)V @ 50

Internal exceptions (10 events):
Event: 7.025 Thread 0x00000000223f8800 Exception <a 'sun/nio/fs/WindowsException'> (0x0000000777e99148) thrown at [C:\re\workspace\8-2-build-windows-amd64-cygwin\jdk8u91\7017\hotspot\src\share\vm\prims\jni.cpp, line 709]
Event: 7.081 Thread 0x00000000223f8800 Exception <a 'sun/nio/fs/WindowsException'> (0x000000077a93e458) thrown at [C:\re\workspace\8-2-build-windows-amd64-cygwin\jdk8u91\7017\hotspot\src\share\vm\prims\jni.cpp, line 709]
Event: 7.170 Thread 0x00000000223f8800 Exception <a 'sun/nio/fs/WindowsException'> (0x000000077db24de8) thrown at [C:\re\workspace\8-2-build-windows-amd64-cygwin\jdk8u91\7017\hotspot\src\share\vm\prims\jni.cpp, line 709]
Event: 7.280 Thread 0x00000000223f8800 Exception <a 'sun/nio/fs/WindowsException'> (0x0000000780c39630) thrown at [C:\re\workspace\8-2-build-windows-amd64-cygwin\jdk8u91\7017\hotspot\src\share\vm\prims\jni.cpp, line 709]
Event: 7.305 Thread 0x0000000002c69800 Exception <a 'java/lang/NullPointerException'> (0x000000076c157d50) thrown at [C:\re\workspace\8-2-build-windows-amd64-cygwin\jdk8u91\7017\hotspot\src\share\vm\interpreter\linkResolver.cpp, line 1280]
Event: 7.305 Thread 0x0000000002c69800 Exception <a 'java/lang/NullPointerException'> (0x000000076c158490) thrown at [C:\re\workspace\8-2-build-windows-amd64-cygwin\jdk8u91\7017\hotspot\src\share\vm\interpreter\linkResolver.cpp, line 1280]
Event: 7.308 Thread 0x0000000002c69800 Exception <a 'java/lang/NullPointerException'> (0x000000076c158fb0) thrown at [C:\re\workspace\8-2-build-windows-amd64-cygwin\jdk8u91\7017\hotspot\src\share\vm\interpreter\linkResolver.cpp, line 1280]
Event: 7.311 Thread 0x0000000002c69800 Exception <a 'java/lang/NullPointerException'> (0x000000076c1598c8) thrown at [C:\re\workspace\8-2-build-windows-amd64-cygwin\jdk8u91\7017\hotspot\src\share\vm\interpreter\linkResolver.cpp, line 1280]
Event: 7.313 Thread 0x0000000002c69800 Exception <a 'java/lang/NullPointerException'> (0x000000076c15a1e0) thrown at [C:\re\workspace\8-2-build-windows-amd64-cygwin\jdk8u91\7017\hotspot\src\share\vm\interpreter\linkResolver.cpp, line 1280]
Event: 7.314 Thread 0x0000000002c69800 Exception <a 'java/lang/NullPointerException'> (0x000000076c15aaf8) thrown at [C:\re\workspace\8-2-build-windows-amd64-cygwin\jdk8u91\7017\hotspot\src\share\vm\interpreter\linkResolver.cpp, line 1280]

Events (10 events):
Event: 7.316 Executing VM operation: RevokeBias
Event: 7.316 Executing VM operation: RevokeBias done
Event: 7.317 Thread 0x000000001e614000 flushing nmethod 0x0000000002edc150
Event: 7.320 Thread 0x000000001e614000 flushing nmethod 0x00000000031a4c10
Event: 7.322 Thread 0x00000000223f8800 DEOPT PACKING pc=0x00000000033836ca sp=0x000000002348a280
Event: 7.322 Thread 0x00000000223f8800 DEOPT UNPACKING pc=0x0000000002cb787f sp=0x0000000023489f30 mode 0
Event: 7.323 Thread 0x000000001e614000 flushing nmethod 0x00000000034dc9d0
Event: 7.329 Executing VM operation: RevokeBias
Event: 7.329 Executing VM operation: RevokeBias done
Event: 7.329 Thread 0x0000000023855800 Thread exited: 0x0000000023855800


Dynamic libraries:
0x00007ff61a200000 - 0x00007ff61a237000 	C:\Program Files\Java\jdk1.8.0_91\bin\java.exe
0x00007ffd4ece0000 - 0x00007ffd4eecd000 	C:\WINDOWS\SYSTEM32\ntdll.dll
0x00007ffd4d6c0000 - 0x00007ffd4d773000 	C:\WINDOWS\System32\KERNEL32.DLL
0x00007ffd4b5d0000 - 0x00007ffd4b863000 	C:\WINDOWS\System32\KERNELBASE.dll
0x00007ffd4ea10000 - 0x00007ffd4eab3000 	C:\WINDOWS\System32\ADVAPI32.dll
0x00007ffd4eaf0000 - 0x00007ffd4eb8e000 	C:\WINDOWS\System32\msvcrt.dll
0x00007ffd4bf10000 - 0x00007ffd4bfae000 	C:\WINDOWS\System32\sechost.dll
0x00007ffd4df30000 - 0x00007ffd4e052000 	C:\WINDOWS\System32\RPCRT4.dll
0x00007ffd4e700000 - 0x00007ffd4e897000 	C:\WINDOWS\System32\USER32.dll
0x00007ffd4b870000 - 0x00007ffd4b890000 	C:\WINDOWS\System32\win32u.dll
0x00007ffd4e530000 - 0x00007ffd4e559000 	C:\WINDOWS\System32\GDI32.dll
0x00007ffd4bbc0000 - 0x00007ffd4bd59000 	C:\WINDOWS\System32\gdi32full.dll
0x00007ffd4be60000 - 0x00007ffd4bf00000 	C:\WINDOWS\System32\msvcp_win.dll
0x00007ffd4ba70000 - 0x00007ffd4bb6a000 	C:\WINDOWS\System32\ucrtbase.dll
0x00007ffd38000000 - 0x00007ffd38279000 	C:\WINDOWS\WinSxS\amd64_microsoft.windows.common-controls_6595b64144ccf1df_6.0.17763.1039_none_de701650534c7021\COMCTL32.dll
0x00007ffd4d780000 - 0x00007ffd4daac000 	C:\WINDOWS\System32\combase.dll
0x00007ffd4b550000 - 0x00007ffd4b5ce000 	C:\WINDOWS\System32\bcryptPrimitives.dll
0x00007ffd4eac0000 - 0x00007ffd4eaee000 	C:\WINDOWS\System32\IMM32.DLL
0x0000000068410000 - 0x00000000684e2000 	C:\Program Files\Java\jdk1.8.0_91\jre\bin\msvcr100.dll
0x0000000066db0000 - 0x0000000067643000 	C:\Program Files\Java\jdk1.8.0_91\jre\bin\server\jvm.dll
0x00007ffd4bf00000 - 0x00007ffd4bf08000 	C:\WINDOWS\System32\PSAPI.DLL
0x00007ffd407b0000 - 0x00007ffd407b9000 	C:\WINDOWS\SYSTEM32\WSOCK32.dll
0x00007ffd498b0000 - 0x00007ffd498ba000 	C:\WINDOWS\SYSTEM32\VERSION.dll
0x00007ffd4e460000 - 0x00007ffd4e4cd000 	C:\WINDOWS\System32\WS2_32.dll
0x00007ffd43460000 - 0x00007ffd43484000 	C:\WINDOWS\SYSTEM32\WINMM.dll
0x00007ffd43220000 - 0x00007ffd4324d000 	C:\WINDOWS\SYSTEM32\winmmbase.dll
0x00007ffd4bd60000 - 0x00007ffd4bdaa000 	C:\WINDOWS\System32\cfgmgr32.dll
0x00000000686e0000 - 0x00000000686ef000 	C:\Program Files\Java\jdk1.8.0_91\jre\bin\verify.dll
0x00000000686b0000 - 0x00000000686d9000 	C:\Program Files\Java\jdk1.8.0_91\jre\bin\java.dll
0x0000000068180000 - 0x00000000681a3000 	C:\Program Files\Java\jdk1.8.0_91\jre\bin\instrument.dll
0x0000000066d90000 - 0x0000000066da6000 	C:\Program Files\Java\jdk1.8.0_91\jre\bin\zip.dll
0x00007ffd4bfb0000 - 0x00007ffd4d4a4000 	C:\WINDOWS\System32\SHELL32.dll
0x00007ffd4e570000 - 0x00007ffd4e618000 	C:\WINDOWS\System32\shcore.dll
0x00007ffd4ada0000 - 0x00007ffd4b4ed000 	C:\WINDOWS\System32\windows.storage.dll
0x00007ffd4ad70000 - 0x00007ffd4ad94000 	C:\WINDOWS\System32\profapi.dll
0x00007ffd4acd0000 - 0x00007ffd4ad2d000 	C:\WINDOWS\System32\powrprof.dll
0x00007ffd4e6a0000 - 0x00007ffd4e6f2000 	C:\WINDOWS\System32\shlwapi.dll
0x00007ffd4ad50000 - 0x00007ffd4ad61000 	C:\WINDOWS\System32\kernel.appcore.dll
0x00007ffd4bb70000 - 0x00007ffd4bb87000 	C:\WINDOWS\System32\cryptsp.dll
0x00007ffd37740000 - 0x00007ffd3775a000 	C:\Program Files\Android\Android Studio\bin\breakgen64.dll
0x0000000066d70000 - 0x0000000066d8a000 	C:\Program Files\Java\jdk1.8.0_91\jre\bin\net.dll
0x00007ffd4a540000 - 0x00007ffd4a5a7000 	C:\WINDOWS\system32\mswsock.dll
0x0000000066d50000 - 0x0000000066d61000 	C:\Program Files\Java\jdk1.8.0_91\jre\bin\nio.dll
0x00007ffd4a0c0000 - 0x00007ffd4a0f3000 	C:\WINDOWS\system32\rsaenh.dll
0x00007ffd4bb90000 - 0x00007ffd4bbb6000 	C:\WINDOWS\System32\bcrypt.dll
0x00007ffd4abd0000 - 0x00007ffd4abf8000 	C:\WINDOWS\SYSTEM32\USERENV.dll
0x00007ffd4a710000 - 0x00007ffd4a71c000 	C:\WINDOWS\SYSTEM32\CRYPTBASE.dll
0x00007ffd4a260000 - 0x00007ffd4a29d000 	C:\WINDOWS\SYSTEM32\IPHLPAPI.DLL
0x00007ffd4eb90000 - 0x00007ffd4eb98000 	C:\WINDOWS\System32\NSI.dll
0x00007ffd44a00000 - 0x00007ffd44a16000 	C:\WINDOWS\SYSTEM32\dhcpcsvc6.DLL
0x00007ffd44650000 - 0x00007ffd4466c000 	C:\WINDOWS\SYSTEM32\dhcpcsvc.DLL
0x00007ffd4a2a0000 - 0x00007ffd4a366000 	C:\WINDOWS\SYSTEM32\DNSAPI.dll
0x0000000068150000 - 0x0000000068174000 	C:\Program Files\Java\jdk1.8.0_91\jre\bin\sunec.dll
0x0000000068140000 - 0x000000006814b000 	C:\Program Files\Java\jdk1.8.0_91\jre\bin\sunmscapi.dll
0x00007ffd4b890000 - 0x00007ffd4ba6c000 	C:\WINDOWS\System32\CRYPT32.dll
0x00007ffd4ad30000 - 0x00007ffd4ad42000 	C:\WINDOWS\System32\MSASN1.dll
0x0000000180000000 - 0x000000018009c000 	C:\Users\fd\AppData\Local\Temp\1583662241768-0\sqlite4java.dll
0x00007ffd42250000 - 0x00007ffd4243d000 	C:\WINDOWS\SYSTEM32\dbghelp.dll

VM Arguments:
jvm_args: -ea -Didea.test.cyclic.buffer.size=1048576 -javaagent:C:\Program Files\Android\Android Studio\lib\idea_rt.jar=60333:C:\Program Files\Android\Android Studio\bin -Dfile.encoding=UTF-8 
java_command: com.intellij.rt.execution.junit.JUnitStarter -ideVersion5 @w@C:\Users\fd\AppData\Local\Temp\idea_working_dirs_junit.tmp @C:\Users\fd\AppData\Local\Temp\idea_junit.tmp -socket60332
java_class_path (initial): C:\Users\fd\AppData\Local\Temp\classpath904926736.jar;C:\Program Files\Android\Android Studio\lib\idea_rt.jar
Launcher Type: SUN_STANDARD

Environment Variables:
JAVA_HOME=C:\Program Files\Java\jdk1.8.0_91
PATH=C:\Program Files\NVIDIA GPU Computing Toolkit\CUDA\v9.0\bin;C:\Program Files\NVIDIA GPU Computing Toolkit\CUDA\v9.0\libnvvp;C:\Program Files (x86)\Intel\iCLS Client\;C:\Program Files\Intel\iCLS Client\;C:\WINDOWS\system32;C:\WINDOWS;C:\WINDOWS\System32\Wbem;C:\WINDOWS\System32\WindowsPowerShell\v1.0\;C:\Program Files\Intel\Intel(R) Management Engine Components\DAL;C:\Program Files (x86)\Intel\Intel(R) Management Engine Components\DAL;C:\Program Files\Intel\Intel(R) Management Engine Components\IPT;C:\Program Files (x86)\Intel\Intel(R) Management Engine Components\IPT;C:\Program Files (x86)\GtkSharp\2.12\bin;D:\Android\ndk\android-ndk-r10e;C:\Program Files\Microsoft SQL Server\130\Tools\Binn\;C:\Program Files\dotnet\;C:\Program Files\Git\cmd;C:\WINDOWS\System32\OpenSSH\;C:\ProgramData\chocolatey\bin;C:\Program Files (x86)\Yarn\bin\;C:\Program Files (x86)\NVIDIA Corporation\PhysX\Common;C:\Python36\;C:\Python36\Scripts\;C:\Python27\;C:\Python27\Scripts;C:\Program Files\NVIDIA Corporation\NVIDIA NvDLISR;C:\Program Files\nodejs\;D:\Android\sdk\platform-tools\adb;C:\WINDOWS\system32;C:\WINDOWS;C:\WINDOWS\System32\Wbem;C:\WINDOWS\System32\WindowsPowerShell\v1.0\;C:\WINDOWS\System32\OpenSSH\;D:\Android\sdk\platform-tools;C:\Python36\Scripts\;C:\Python36\;C:\Users\fd\AppData\Local\Microsoft\WindowsApps;C:\Program Files\Heroku\bin;C:\Program Files\Microsoft VS Code\bin;C:\Users\fd\AppData\Local\GitHubDesktop\bin;C:\Users\fd\AppData\Local\Programs\Microsoft VS Code\bin;C:\Users\fd\AppData\Local\Yarn\bin;D:\Flutter\sdk\flutter\bin;C:\Users\fd\AppData\Roaming\npm;C:\Users\fd\AppData\Local\Microsoft\WindowsApps;C:\Program Files\Docker Toolbox;D:\Android\sdk\platform-tools;
USERNAME=enrico
OS=Windows_NT
PROCESSOR_IDENTIFIER=Intel64 Family 6 Model 70 Stepping 1, GenuineIntel



---------------  S Y S T E M  ---------------

OS: Windows 10.0 , 64 bit Build 17763 (10.0.17763.475)

CPU:total 8 (4 cores per cpu, 2 threads per core) family 6 model 70 stepping 1, cmov, cx8, fxsr, mmx, sse, sse2, sse3, ssse3, sse4.1, sse4.2, popcnt, avx, avx2, aes, clmul, erms, lzcnt, ht, tsc, tscinvbit, bmi1, bmi2

Memory: 4k page, physical 16663504k(7652324k free), swap 22456480k(10336476k free)

vm_info: Java HotSpot(TM) 64-Bit Server VM (25.91-b15) for windows-amd64 JRE (1.8.0_91-b15), built on May 20 2016 17:43:15 by "java_re" with MS VC++ 10.0 (VS2010)

time: Sun Mar 08 11:10:43 2020
elapsed time: 7 seconds (0d 0h 0m 7s)

