#
# A fatal error has been detected by the Java Runtime Environment:
#
#  EXCEPTION_ACCESS_VIOLATION (0xc0000005) at pc=0x0000000059902f98, pid=15624, tid=23340
#
# JRE version: Java(TM) SE Runtime Environment (8.0_91-b15) (build 1.8.0_91-b15)
# Java VM: Java HotSpot(TM) 64-Bit Server VM (25.91-b15 mixed mode windows-amd64 compressed oops)
# Problematic frame:
# V  [jvm.dll+0x42f98]
#
# Failed to write core dump. Minidumps are not enabled by default on client versions of Windows
#
# If you would like to submit a bug report, please visit:
#   http://bugreport.java.com/bugreport/crash.jsp
#

---------------  T H R E A D  ---------------

Current thread (0x000000001e708800):  JavaThread "C1 CompilerThread3" daemon [_thread_in_vm, id=23340, stack(0x000000001f270000,0x000000001f370000)]

siginfo: ExceptionCode=0xc0000005, reading address 0xffffffffffffffff

Registers:
RAX=0x000000001e708800, RBX=0x0000000002ae4ce0, RCX=0x0000000002ae4ce0, RDX=0x0000000002ae4ce0
RSP=0x000000001f36cef0, RBP=0x000000001fe18ca0, RSI=0x0000000002ae4ce0, RDI=0x0000000000000000
R8 =0x052cc95dffff0013, R9 =0x0000000000000000, R10=0x000000001fe18ed0, R11=0x00000000265492a0
R12=0x000000001e708800, R13=0x000000001fe18ca0, R14=0x0000000023db8ee0, R15=0x0000000000000000
RIP=0x0000000059902f98, EFLAGS=0x0000000000010202

Top of Stack: (sp=0x000000001f36cef0)
0x000000001f36cef0:   00000000000000b6 000000001f36f4a0
0x000000001f36cf00:   0000000000000000 0000000000000077
0x000000001f36cf10:   0000000024cb27f8 000000001f36f4a0
0x000000001f36cf20:   000000001f36d000 00000000598ef7e5
0x000000001f36cf30:   00000000000000eb 0000000059903329
0x000000001f36cf40:   0000000000000077 0000000000000077
0x000000001f36cf50:   0000000000000000 0000000000000000
0x000000001f36cf60:   00000000000000b6 0000000022c95560
0x000000001f36cf70:   000000001e69f6b0 00000000599015fb
0x000000001f36cf80:   0000000000000000 000000001e708800
0x000000001f36cf90:   0000000023dba050 00000000598ec86f
0x000000001f36cfa0:   000000001e708800 0000000059906910
0x000000001f36cfb0:   000000001e708800 000000001e708800
0x000000001f36cfc0:   0000000022c95560 0000000059cdcf7b
0x000000001f36cfd0:   0000000000000000 0000000000000000
0x000000001f36cfe0:   0000000023dba050 0000000000000000 

Instructions: (pc=0x0000000059902f98)
0x0000000059902f78:   00 48 8b da ff 15 6e 24 59 00 44 0f b6 05 5a 69
0x0000000059902f88:   7a 00 4c 8b e0 45 84 c0 74 39 4c 8b 03 48 8b cb
0x0000000059902f98:   41 ff 50 08 84 c0 74 2b 83 7b 08 00 7e 25 0f b6
0x0000000059902fa8:   83 0e 01 00 00 c0 e8 03 a8 01 74 17 48 8b 03 48 


Register to memory mapping:

RAX=0x000000001e708800 is a thread
RBX=0x0000000002ae4ce0 is an unknown value
RCX=0x0000000002ae4ce0 is an unknown value
RDX=0x0000000002ae4ce0 is an unknown value
RSP=0x000000001f36cef0 is pointing into the stack for thread: 0x000000001e708800
RBP=0x000000001fe18ca0 is an unknown value
RSI=0x0000000002ae4ce0 is an unknown value
RDI=0x0000000000000000 is an unknown value
R8 =0x052cc95dffff0013 is an unknown value
R9 =0x0000000000000000 is an unknown value
R10=0x000000001fe18ed0 is an unknown value
R11=0x00000000265492a0 is an unknown value
R12=0x000000001e708800 is a thread
R13=0x000000001fe18ca0 is an unknown value
R14=0x0000000023db8ee0 is an unknown value
R15=0x0000000000000000 is an unknown value


Stack: [0x000000001f270000,0x000000001f370000],  sp=0x000000001f36cef0,  free space=1011k
Native frames: (J=compiled Java code, j=interpreted, Vv=VM code, C=native code)
V  [jvm.dll+0x42f98]
V  [jvm.dll+0x43329]
V  [jvm.dll+0x415fb]
V  [jvm.dll+0x41cf7b]
V  [jvm.dll+0x417d5a]
V  [jvm.dll+0x41aba7]
V  [jvm.dll+0x41b36b]
V  [jvm.dll+0x41c287]
V  [jvm.dll+0x41c4e8]
V  [jvm.dll+0x41c91b]
V  [jvm.dll+0x41c475]
V  [jvm.dll+0x4181bb]
V  [jvm.dll+0x41aba7]
V  [jvm.dll+0x41b36b]
V  [jvm.dll+0x41c287]
V  [jvm.dll+0x41c4e8]
V  [jvm.dll+0x41c91b]
V  [jvm.dll+0x41c475]
V  [jvm.dll+0x4181bb]
V  [jvm.dll+0x41aba7]
V  [jvm.dll+0x41b49d]
V  [jvm.dll+0x41c287]
V  [jvm.dll+0x41c4e8]
V  [jvm.dll+0x41c91b]
V  [jvm.dll+0x41c475]
V  [jvm.dll+0x4181bb]
V  [jvm.dll+0x41aba7]
V  [jvm.dll+0x41b36b]
V  [jvm.dll+0x41c287]
V  [jvm.dll+0x41c4e8]
V  [jvm.dll+0x41c91b]
V  [jvm.dll+0x41c475]
V  [jvm.dll+0x4181bb]
V  [jvm.dll+0x41aba7]
V  [jvm.dll+0x41b49d]
V  [jvm.dll+0x41c287]
V  [jvm.dll+0x41c4e8]
V  [jvm.dll+0x41c91b]
V  [jvm.dll+0x41c475]
V  [jvm.dll+0x4181bb]
V  [jvm.dll+0x41aba7]
V  [jvm.dll+0x41b36b]
V  [jvm.dll+0x41c287]
V  [jvm.dll+0x41c4e8]
V  [jvm.dll+0x4181bb]
V  [jvm.dll+0x41aba7]
V  [jvm.dll+0x41b36b]
V  [jvm.dll+0x41c287]
V  [jvm.dll+0x41c4e8]
V  [jvm.dll+0x4181bb]
V  [jvm.dll+0x41aba7]
V  [jvm.dll+0x41b49d]
V  [jvm.dll+0x41b892]
V  [jvm.dll+0x420985]
V  [jvm.dll+0x420a90]
V  [jvm.dll+0x40a258]
V  [jvm.dll+0x40a4c1]
V  [jvm.dll+0x40a682]
V  [jvm.dll+0x40a851]
V  [jvm.dll+0x40aa5f]
V  [jvm.dll+0xa4be2]
V  [jvm.dll+0xa551f]
V  [jvm.dll+0x243ae4]
V  [jvm.dll+0x29a99a]
C  [msvcr100.dll+0x21d9f]
C  [msvcr100.dll+0x21e3b]
C  [KERNEL32.DLL+0x17974]
C  [ntdll.dll+0x6a271]


Current CompileTask:
C1:   7135 5957       3       android.content.res.TypedArray::$$robo$$android_content_res_TypedArray$loadStringValueAt (51 bytes)


---------------  P R O C E S S  ---------------

Java Threads: ( => current thread )
  0x00000000241f7000 JavaThread "pool-28-thread-1" [_thread_blocked, id=23172, stack(0x0000000028f70000,0x0000000029070000)]
  0x00000000241fc800 JavaThread "pool-2-thread-5" [_thread_blocked, id=14004, stack(0x0000000027fc0000,0x00000000280c0000)]
  0x00000000241f8800 JavaThread "pool-2-thread-4" [_thread_blocked, id=17788, stack(0x0000000027c70000,0x0000000027d70000)]
  0x00000000241fb800 JavaThread "pool-2-thread-3" [_thread_blocked, id=18484, stack(0x0000000027b70000,0x0000000027c70000)]
  0x00000000241fa000 JavaThread "pool-2-thread-2" [_thread_blocked, id=14680, stack(0x0000000027770000,0x0000000027870000)]
  0x000000001fefb000 JavaThread "SDK 28 Main Thread" [_thread_blocked, id=1516, stack(0x0000000023600000,0x0000000023700000)]
  0x000000001e7a6800 JavaThread "Service Thread" daemon [_thread_blocked, id=8496, stack(0x000000001f370000,0x000000001f470000)]
=>0x000000001e708800 JavaThread "C1 CompilerThread3" daemon [_thread_in_vm, id=23340, stack(0x000000001f270000,0x000000001f370000)]
  0x000000001e6f8800 JavaThread "C2 CompilerThread2" daemon [_thread_blocked, id=16792, stack(0x000000001f170000,0x000000001f270000)]
  0x000000001e6f3000 JavaThread "C2 CompilerThread1" daemon [_thread_in_native, id=16192, stack(0x000000001f070000,0x000000001f170000)]
  0x000000001e6f1000 JavaThread "C2 CompilerThread0" daemon [_thread_blocked, id=992, stack(0x000000001ef70000,0x000000001f070000)]
  0x000000001e6a1800 JavaThread "Monitor Ctrl-Break" daemon [_thread_in_native, id=24568, stack(0x000000001ee70000,0x000000001ef70000)]
  0x000000001e68b000 JavaThread "Attach Listener" daemon [_thread_blocked, id=6744, stack(0x000000001ed70000,0x000000001ee70000)]
  0x000000001e688000 JavaThread "Signal Dispatcher" daemon [_thread_blocked, id=13916, stack(0x000000001ec70000,0x000000001ed70000)]
  0x000000001e670800 JavaThread "Finalizer" daemon [_thread_blocked, id=18508, stack(0x000000001ea50000,0x000000001eb50000)]
  0x000000001c785000 JavaThread "Reference Handler" daemon [_thread_blocked, id=24700, stack(0x000000001e550000,0x000000001e650000)]
  0x0000000002a8c000 JavaThread "main" [_thread_blocked, id=9968, stack(0x0000000002980000,0x0000000002a80000)]

Other Threads:
  0x000000001c77d000 VMThread [stack: 0x000000001e450000,0x000000001e550000] [id=22508]
  0x000000001e852800 WatcherThread [stack: 0x000000001f470000,0x000000001f570000] [id=956]

VM state:synchronizing (normal execution)

VM Mutex/Monitor currently owned by a thread:  ([mutex/lock_event])
[0x0000000002a89170] Threads_lock - owner thread: 0x000000001c77d000

Heap:
 PSYoungGen      total 370176K, used 248837K [0x000000076b380000, 0x0000000785d00000, 0x00000007c0000000)
  eden space 354304K, 67% used [0x000000076b380000,0x0000000779eb6668,0x0000000780d80000)
  from space 15872K, 50% used [0x0000000780d80000,0x000000078154b0b0,0x0000000781d00000)
  to   space 15360K, 0% used [0x0000000784e00000,0x0000000784e00000,0x0000000785d00000)
 ParOldGen       total 299520K, used 55019K [0x00000006c1a00000, 0x00000006d3e80000, 0x000000076b380000)
  object space 299520K, 18% used [0x00000006c1a00000,0x00000006c4fbae20,0x00000006d3e80000)
 Metaspace       used 49060K, capacity 54842K, committed 55040K, reserved 1097728K
  class space    used 5544K, capacity 7096K, committed 7168K, reserved 1048576K

Card table byte_map: [0x0000000012110000,0x0000000012910000] byte_map_base: 0x000000000eb03000

Marking Bits: (ParMarkBitMap*) 0x000000005a0d2f70
 Begin Bits: [0x0000000013660000, 0x00000000175f8000)
 End Bits:   [0x00000000175f8000, 0x000000001b590000)

Polling page: 0x00000000011b0000

CodeCache: size=245760Kb used=16539Kb max_used=16551Kb free=229220Kb
 bounds [0x0000000002d50000, 0x0000000003d90000, 0x0000000011d50000]
 total_blobs=5923 nmethods=4920 adapters=915
 compilation: enabled

Compilation events (10 events):
Event: 7.088 Thread 0x000000001e708800 nmethod 5953 0x0000000003d84390 code [0x0000000003d846c0, 0x0000000003d861e8]
Event: 7.088 Thread 0x000000001e708800 5954       3       android.content.res.ResourcesImpl::getValue (10 bytes)
Event: 7.089 Thread 0x000000001e6f8800 5958       4       java.lang.invoke.LambdaForm$MH/120904070::identity_L (8 bytes)
Event: 7.089 Thread 0x000000001e708800 nmethod 5954 0x0000000003d875d0 code [0x0000000003d87940, 0x0000000003d89ba8]
Event: 7.089 Thread 0x000000001e708800 5957       3       android.content.res.TypedArray::$$robo$$android_content_res_TypedArray$loadStringValueAt (51 bytes)
Event: 7.089 Thread 0x000000001e6f8800 nmethod 5958 0x0000000003386810 code [0x0000000003386940, 0x00000000033869b8]
Event: 7.089 Thread 0x000000001e6f8800 5965       4       java.lang.invoke.LambdaForm$MH/1405257059::delegate (15 bytes)
Event: 7.090 Thread 0x000000001e6f1000 5966       4       java.lang.Integer::getChars (131 bytes)
Event: 7.090 Thread 0x000000001e6f8800 nmethod 5965 0x0000000003d54290 code [0x0000000003d543e0, 0x0000000003d544d8]
Event: 7.090 Thread 0x000000001e6f8800 5967       4       sun.nio.fs.WindowsPathParser::isInvalidPathChar (22 bytes)

GC Heap History (10 events):
Event: 4.668 GC heap before
{Heap before GC invocations=10 (full 2):
 PSYoungGen      total 267776K, used 259340K [0x000000076b380000, 0x000000077f700000, 0x00000007c0000000)
  eden space 253440K, 100% used [0x000000076b380000,0x000000077ab00000,0x000000077ab00000)
  from space 14336K, 41% used [0x000000077ab00000,0x000000077b0c3030,0x000000077b900000)
  to   space 13824K, 0% used [0x000000077e980000,0x000000077e980000,0x000000077f700000)
 ParOldGen       total 236544K, used 45589K [0x00000006c1a00000, 0x00000006d0100000, 0x000000076b380000)
  object space 236544K, 19% used [0x00000006c1a00000,0x00000006c46856b8,0x00000006d0100000)
 Metaspace       used 34801K, capacity 38107K, committed 38400K, reserved 1083392K
  class space    used 3818K, capacity 4819K, committed 4864K, reserved 1048576K
Event: 4.677 GC heap after
Heap after GC invocations=10 (full 2):
 PSYoungGen      total 316416K, used 11636K [0x000000076b380000, 0x0000000781f00000, 0x00000007c0000000)
  eden space 302592K, 0% used [0x000000076b380000,0x000000076b380000,0x000000077db00000)
  from space 13824K, 84% used [0x000000077e980000,0x000000077f4dd108,0x000000077f700000)
  to   space 14848K, 0% used [0x000000077db00000,0x000000077db00000,0x000000077e980000)
 ParOldGen       total 236544K, used 45589K [0x00000006c1a00000, 0x00000006d0100000, 0x000000076b380000)
  object space 236544K, 19% used [0x00000006c1a00000,0x00000006c46856b8,0x00000006d0100000)
 Metaspace       used 34801K, capacity 38107K, committed 38400K, reserved 1083392K
  class space    used 3818K, capacity 4819K, committed 4864K, reserved 1048576K
}
Event: 5.214 GC heap before
{Heap before GC invocations=11 (full 2):
 PSYoungGen      total 316416K, used 182130K [0x000000076b380000, 0x0000000781f00000, 0x00000007c0000000)
  eden space 302592K, 56% used [0x000000076b380000,0x00000007759ffab8,0x000000077db00000)
  from space 13824K, 84% used [0x000000077e980000,0x000000077f4dd108,0x000000077f700000)
  to   space 14848K, 0% used [0x000000077db00000,0x000000077db00000,0x000000077e980000)
 ParOldGen       total 236544K, used 45589K [0x00000006c1a00000, 0x00000006d0100000, 0x000000076b380000)
  object space 236544K, 19% used [0x00000006c1a00000,0x00000006c46856b8,0x00000006d0100000)
 Metaspace       used 40536K, capacity 44098K, committed 44160K, reserved 1087488K
  class space    used 4388K, capacity 5504K, committed 5504K, reserved 1048576K
Event: 5.224 GC heap after
Heap after GC invocations=11 (full 2):
 PSYoungGen      total 317440K, used 12544K [0x000000076b380000, 0x0000000783780000, 0x00000007c0000000)
  eden space 302592K, 0% used [0x000000076b380000,0x000000076b380000,0x000000077db00000)
  from space 14848K, 84% used [0x000000077db00000,0x000000077e740280,0x000000077e980000)
  to   space 15872K, 0% used [0x0000000782800000,0x0000000782800000,0x0000000783780000)
 ParOldGen       total 236544K, used 45597K [0x00000006c1a00000, 0x00000006d0100000, 0x000000076b380000)
  object space 236544K, 19% used [0x00000006c1a00000,0x00000006c46876b8,0x00000006d0100000)
 Metaspace       used 40536K, capacity 44098K, committed 44160K, reserved 1087488K
  class space    used 4388K, capacity 5504K, committed 5504K, reserved 1048576K
}
Event: 5.224 GC heap before
{Heap before GC invocations=12 (full 3):
 PSYoungGen      total 317440K, used 12544K [0x000000076b380000, 0x0000000783780000, 0x00000007c0000000)
  eden space 302592K, 0% used [0x000000076b380000,0x000000076b380000,0x000000077db00000)
  from space 14848K, 84% used [0x000000077db00000,0x000000077e740280,0x000000077e980000)
  to   space 15872K, 0% used [0x0000000782800000,0x0000000782800000,0x0000000783780000)
 ParOldGen       total 236544K, used 45597K [0x00000006c1a00000, 0x00000006d0100000, 0x000000076b380000)
  object space 236544K, 19% used [0x00000006c1a00000,0x00000006c46876b8,0x00000006d0100000)
 Metaspace       used 40536K, capacity 44098K, committed 44160K, reserved 1087488K
  class space    used 4388K, capacity 5504K, committed 5504K, reserved 1048576K
Event: 5.329 GC heap after
Heap after GC invocations=12 (full 3):
 PSYoungGen      total 317440K, used 0K [0x000000076b380000, 0x0000000783780000, 0x00000007c0000000)
  eden space 302592K, 0% used [0x000000076b380000,0x000000076b380000,0x000000077db00000)
  from space 14848K, 0% used [0x000000077db00000,0x000000077db00000,0x000000077e980000)
  to   space 15872K, 0% used [0x0000000782800000,0x0000000782800000,0x0000000783780000)
 ParOldGen       total 299520K, used 54995K [0x00000006c1a00000, 0x00000006d3e80000, 0x000000076b380000)
  object space 299520K, 18% used [0x00000006c1a00000,0x00000006c4fb4e20,0x00000006d3e80000)
 Metaspace       used 40536K, capacity 44098K, committed 44160K, reserved 1087488K
  class space    used 4388K, capacity 5504K, committed 5504K, reserved 1048576K
}
Event: 6.083 GC heap before
{Heap before GC invocations=13 (full 3):
 PSYoungGen      total 317440K, used 302592K [0x000000076b380000, 0x0000000783780000, 0x00000007c0000000)
  eden space 302592K, 100% used [0x000000076b380000,0x000000077db00000,0x000000077db00000)
  from space 14848K, 0% used [0x000000077db00000,0x000000077db00000,0x000000077e980000)
  to   space 15872K, 0% used [0x0000000782800000,0x0000000782800000,0x0000000783780000)
 ParOldGen       total 299520K, used 54995K [0x00000006c1a00000, 0x00000006d3e80000, 0x000000076b380000)
  object space 299520K, 18% used [0x00000006c1a00000,0x00000006c4fb4e20,0x00000006d3e80000)
 Metaspace       used 44592K, capacity 49658K, committed 49792K, reserved 1091584K
  class space    used 5148K, capacity 6681K, committed 6784K, reserved 1048576K
Event: 6.088 GC heap after
Heap after GC invocations=13 (full 3):
 PSYoungGen      total 356864K, used 4207K [0x000000076b380000, 0x0000000782c80000, 0x00000007c0000000)
  eden space 352256K, 0% used [0x000000076b380000,0x000000076b380000,0x0000000780b80000)
  from space 4608K, 91% used [0x0000000782800000,0x0000000782c1bf20,0x0000000782c80000)
  to   space 15872K, 0% used [0x0000000780d80000,0x0000000780d80000,0x0000000781d00000)
 ParOldGen       total 299520K, used 55003K [0x00000006c1a00000, 0x00000006d3e80000, 0x000000076b380000)
  object space 299520K, 18% used [0x00000006c1a00000,0x00000006c4fb6e20,0x00000006d3e80000)
 Metaspace       used 44592K, capacity 49658K, committed 49792K, reserved 1091584K
  class space    used 5148K, capacity 6681K, committed 6784K, reserved 1048576K
}
Event: 6.887 GC heap before
{Heap before GC invocations=14 (full 3):
 PSYoungGen      total 356864K, used 352691K [0x000000076b380000, 0x0000000782c80000, 0x00000007c0000000)
  eden space 352256K, 98% used [0x000000076b380000,0x00000007807d0f40,0x0000000780b80000)
  from space 4608K, 91% used [0x0000000782800000,0x0000000782c1bf20,0x0000000782c80000)
  to   space 15872K, 0% used [0x0000000780d80000,0x0000000780d80000,0x0000000781d00000)
 ParOldGen       total 299520K, used 55003K [0x00000006c1a00000, 0x00000006d3e80000, 0x000000076b380000)
  object space 299520K, 18% used [0x00000006c1a00000,0x00000006c4fb6e20,0x00000006d3e80000)
 Metaspace       used 48797K, capacity 54298K, committed 54528K, reserved 1097728K
  class space    used 5530K, capacity 7085K, committed 7168K, reserved 1048576K
Event: 6.894 GC heap after
Heap after GC invocations=14 (full 3):
 PSYoungGen      total 370176K, used 7980K [0x000000076b380000, 0x0000000785d00000, 0x00000007c0000000)
  eden space 354304K, 0% used [0x000000076b380000,0x000000076b380000,0x0000000780d80000)
  from space 15872K, 50% used [0x0000000780d80000,0x000000078154b0b0,0x0000000781d00000)
  to   space 15360K, 0% used [0x0000000784e00000,0x0000000784e00000,0x0000000785d00000)
 ParOldGen       total 299520K, used 55019K [0x00000006c1a00000, 0x00000006d3e80000, 0x000000076b380000)
  object space 299520K, 18% used [0x00000006c1a00000,0x00000006c4fbae20,0x00000006d3e80000)
 Metaspace       used 48797K, capacity 54298K, committed 54528K, reserved 1097728K
  class space    used 5530K, capacity 7085K, committed 7168K, reserved 1048576K
}

Deoptimization events (10 events):
Event: 6.632 Thread 0x000000001fefb000 Uncommon trap: reason=class_check action=maybe_recompile pc=0x00000000037e48fc method=java.util.AbstractList.rangeCheckForAdd(I)V @ 6
Event: 6.632 Thread 0x000000001fefb000 Uncommon trap: reason=class_check action=maybe_recompile pc=0x0000000002e9427c method=java.util.AbstractList.equals(Ljava/lang/Object;)Z @ 8
Event: 6.632 Thread 0x000000001fefb000 Uncommon trap: reason=class_check action=maybe_recompile pc=0x00000000037e48fc method=java.util.AbstractList.rangeCheckForAdd(I)V @ 6
Event: 6.637 Thread 0x000000001fefb000 Uncommon trap: reason=bimorphic action=maybe_recompile pc=0x0000000003973de8 method=java.util.Collections$UnmodifiableCollection.size()I @ 4
Event: 6.713 Thread 0x000000001fefb000 Uncommon trap: reason=class_check action=maybe_recompile pc=0x0000000002e9427c method=java.util.AbstractList.equals(Ljava/lang/Object;)Z @ 8
Event: 6.713 Thread 0x000000001fefb000 Uncommon trap: reason=class_check action=maybe_recompile pc=0x00000000037e48fc method=java.util.AbstractList.rangeCheckForAdd(I)V @ 6
Event: 6.895 Thread 0x000000001e670800 Uncommon trap: reason=speculate_class_check action=maybe_recompile pc=0x0000000003bad4e0 method=java.lang.invoke.LambdaForm$MH/478005740.guardWithCatch(Ljava/lang/Object;Ljava/lang/Object;)V @ 50
Event: 6.897 Thread 0x000000001e670800 Uncommon trap: reason=speculate_class_check action=maybe_recompile pc=0x0000000003bad4e0 method=java.lang.invoke.LambdaForm$MH/478005740.guardWithCatch(Ljava/lang/Object;Ljava/lang/Object;)V @ 50
Event: 6.898 Thread 0x000000001e670800 Uncommon trap: reason=speculate_class_check action=maybe_recompile pc=0x0000000003bad4e0 method=java.lang.invoke.LambdaForm$MH/478005740.guardWithCatch(Ljava/lang/Object;Ljava/lang/Object;)V @ 50
Event: 6.900 Thread 0x000000001e670800 Uncommon trap: reason=speculate_class_check action=maybe_recompile pc=0x0000000003bad4e0 method=java.lang.invoke.LambdaForm$MH/478005740.guardWithCatch(Ljava/lang/Object;Ljava/lang/Object;)V @ 50

Internal exceptions (10 events):
Event: 6.802 Thread 0x000000001fefb000 Exception <a 'sun/nio/fs/WindowsException'> (0x000000077d0e0200) thrown at [C:\re\workspace\8-2-build-windows-amd64-cygwin\jdk8u91\7017\hotspot\src\share\vm\prims\jni.cpp, line 709]
Event: 6.858 Thread 0x000000001fefb000 Exception <a 'sun/nio/fs/WindowsException'> (0x000000077f968ad8) thrown at [C:\re\workspace\8-2-build-windows-amd64-cygwin\jdk8u91\7017\hotspot\src\share\vm\prims\jni.cpp, line 709]
Event: 6.895 Thread 0x000000001e670800 Exception <a 'java/lang/NullPointerException'> (0x000000076bb81c70) thrown at [C:\re\workspace\8-2-build-windows-amd64-cygwin\jdk8u91\7017\hotspot\src\share\vm\interpreter\linkResolver.cpp, line 1280]
Event: 6.897 Thread 0x000000001e670800 Exception <a 'java/lang/NullPointerException'> (0x000000076bb83818) thrown at [C:\re\workspace\8-2-build-windows-amd64-cygwin\jdk8u91\7017\hotspot\src\share\vm\interpreter\linkResolver.cpp, line 1280]
Event: 6.898 Thread 0x000000001e670800 Exception <a 'java/lang/NullPointerException'> (0x000000076bb84130) thrown at [C:\re\workspace\8-2-build-windows-amd64-cygwin\jdk8u91\7017\hotspot\src\share\vm\interpreter\linkResolver.cpp, line 1280]
Event: 6.900 Thread 0x000000001e670800 Exception <a 'java/lang/NullPointerException'> (0x000000076bb84a48) thrown at [C:\re\workspace\8-2-build-windows-amd64-cygwin\jdk8u91\7017\hotspot\src\share\vm\interpreter\linkResolver.cpp, line 1280]
Event: 6.931 Thread 0x000000001fefb000 Exception <a 'sun/nio/fs/WindowsException'> (0x000000076de74e50) thrown at [C:\re\workspace\8-2-build-windows-amd64-cygwin\jdk8u91\7017\hotspot\src\share\vm\prims\jni.cpp, line 709]
Event: 6.997 Thread 0x000000001fefb000 Exception <a 'sun/nio/fs/WindowsException'> (0x0000000770fc45b0) thrown at [C:\re\workspace\8-2-build-windows-amd64-cygwin\jdk8u91\7017\hotspot\src\share\vm\prims\jni.cpp, line 709]
Event: 7.045 Thread 0x000000001fefb000 Exception <a 'sun/nio/fs/WindowsException'> (0x00000007739dff20) thrown at [C:\re\workspace\8-2-build-windows-amd64-cygwin\jdk8u91\7017\hotspot\src\share\vm\prims\jni.cpp, line 709]
Event: 7.090 Thread 0x000000001fefb000 Exception <a 'sun/nio/fs/WindowsException'> (0x0000000776ac99a8) thrown at [C:\re\workspace\8-2-build-windows-amd64-cygwin\jdk8u91\7017\hotspot\src\share\vm\prims\jni.cpp, line 709]

Events (10 events):
Event: 7.047 loading class com/guerra/enrico/sera/data/dao/SessionDaoTest$insert$1
Event: 7.047 loading class com/guerra/enrico/sera/data/dao/SessionDaoTest$insert$1 done
Event: 7.048 loading class com/guerra/enrico/data/local/dao/SessionDao_Impl$3
Event: 7.048 loading class com/guerra/enrico/data/local/dao/SessionDao_Impl$3 done
Event: 7.050 Thread 0x00000000241f8000 Thread added: 0x00000000241f8000
Event: 7.071 Executing VM operation: RevokeBias
Event: 7.071 Executing VM operation: RevokeBias done
Event: 7.071 Thread 0x00000000241f8000 Thread exited: 0x00000000241f8000
Event: 7.086 loading class com/guerra/enrico/sera/TestSeraApplication
Event: 7.086 loading class com/guerra/enrico/sera/TestSeraApplication done


Dynamic libraries:
0x00007ff7cd3f0000 - 0x00007ff7cd427000 	C:\Program Files\Java\jdk1.8.0_91\bin\java.exe
0x00007ffba13d0000 - 0x00007ffba15bd000 	C:\WINDOWS\SYSTEM32\ntdll.dll
0x00007ffba1170000 - 0x00007ffba1223000 	C:\WINDOWS\System32\KERNEL32.DLL
0x00007ffb9d720000 - 0x00007ffb9d9b3000 	C:\WINDOWS\System32\KERNELBASE.dll
0x00007ffb9ec20000 - 0x00007ffb9ecc3000 	C:\WINDOWS\System32\ADVAPI32.dll
0x00007ffb9f3b0000 - 0x00007ffb9f44e000 	C:\WINDOWS\System32\msvcrt.dll
0x00007ffb9ed30000 - 0x00007ffb9edce000 	C:\WINDOWS\System32\sechost.dll
0x00007ffba1040000 - 0x00007ffba1162000 	C:\WINDOWS\System32\RPCRT4.dll
0x00007ffb9efa0000 - 0x00007ffb9f137000 	C:\WINDOWS\System32\USER32.dll
0x00007ffb9e5d0000 - 0x00007ffb9e5f0000 	C:\WINDOWS\System32\win32u.dll
0x00007ffb9ea90000 - 0x00007ffb9eab9000 	C:\WINDOWS\System32\GDI32.dll
0x00007ffb9dce0000 - 0x00007ffb9de79000 	C:\WINDOWS\System32\gdi32full.dll
0x00007ffb9d9c0000 - 0x00007ffb9da60000 	C:\WINDOWS\System32\msvcp_win.dll
0x00007ffb9d520000 - 0x00007ffb9d61a000 	C:\WINDOWS\System32\ucrtbase.dll
0x00007ffb8c260000 - 0x00007ffb8c4d9000 	C:\WINDOWS\WinSxS\amd64_microsoft.windows.common-controls_6595b64144ccf1df_6.0.17763.864_none_05b3441807210760\COMCTL32.dll
0x00007ffb9e760000 - 0x00007ffb9ea8c000 	C:\WINDOWS\System32\combase.dll
0x00007ffb9da60000 - 0x00007ffb9dade000 	C:\WINDOWS\System32\bcryptPrimitives.dll
0x00007ffb9ef70000 - 0x00007ffb9ef9e000 	C:\WINDOWS\System32\IMM32.DLL
0x000000005a160000 - 0x000000005a232000 	C:\Program Files\Java\jdk1.8.0_91\jre\bin\msvcr100.dll
0x00000000598c0000 - 0x000000005a153000 	C:\Program Files\Java\jdk1.8.0_91\jre\bin\server\jvm.dll
0x00007ffb9ef00000 - 0x00007ffb9ef08000 	C:\WINDOWS\System32\PSAPI.DLL
0x00007ffb95010000 - 0x00007ffb95019000 	C:\WINDOWS\SYSTEM32\WSOCK32.dll
0x00007ffb92610000 - 0x00007ffb92634000 	C:\WINDOWS\SYSTEM32\WINMM.dll
0x00007ffb96c90000 - 0x00007ffb96c9a000 	C:\WINDOWS\SYSTEM32\VERSION.dll
0x00007ffba1330000 - 0x00007ffba139d000 	C:\WINDOWS\System32\WS2_32.dll
0x00007ffb925e0000 - 0x00007ffb9260d000 	C:\WINDOWS\SYSTEM32\WINMMBASE.dll
0x00007ffb9d620000 - 0x00007ffb9d66a000 	C:\WINDOWS\System32\cfgmgr32.dll
0x000000005c390000 - 0x000000005c39f000 	C:\Program Files\Java\jdk1.8.0_91\jre\bin\verify.dll
0x000000005c360000 - 0x000000005c389000 	C:\Program Files\Java\jdk1.8.0_91\jre\bin\java.dll
0x0000000059630000 - 0x0000000059653000 	C:\Program Files\Java\jdk1.8.0_91\jre\bin\instrument.dll
0x00000000598a0000 - 0x00000000598b6000 	C:\Program Files\Java\jdk1.8.0_91\jre\bin\zip.dll
0x00007ffb9fb10000 - 0x00007ffba1004000 	C:\WINDOWS\System32\SHELL32.dll
0x00007ffb9f140000 - 0x00007ffb9f1e8000 	C:\WINDOWS\System32\shcore.dll
0x00007ffb9de80000 - 0x00007ffb9e5cd000 	C:\WINDOWS\System32\windows.storage.dll
0x00007ffb9d440000 - 0x00007ffb9d464000 	C:\WINDOWS\System32\profapi.dll
0x00007ffb9d3e0000 - 0x00007ffb9d43d000 	C:\WINDOWS\System32\powrprof.dll
0x00007ffb9ef10000 - 0x00007ffb9ef62000 	C:\WINDOWS\System32\shlwapi.dll
0x00007ffb9d470000 - 0x00007ffb9d481000 	C:\WINDOWS\System32\kernel.appcore.dll
0x00007ffb9dcc0000 - 0x00007ffb9dcd7000 	C:\WINDOWS\System32\cryptsp.dll
0x00007ffb94c20000 - 0x00007ffb94c3a000 	C:\Program Files\Android\Android Studio\bin\breakgen64.dll
0x0000000059880000 - 0x000000005989a000 	C:\Program Files\Java\jdk1.8.0_91\jre\bin\net.dll
0x00007ffb9cbd0000 - 0x00007ffb9cc37000 	C:\WINDOWS\system32\mswsock.dll
0x0000000059860000 - 0x0000000059871000 	C:\Program Files\Java\jdk1.8.0_91\jre\bin\nio.dll
0x00007ffb9c750000 - 0x00007ffb9c783000 	C:\WINDOWS\system32\rsaenh.dll
0x00007ffb9d4f0000 - 0x00007ffb9d516000 	C:\WINDOWS\System32\bcrypt.dll
0x00007ffb9d2f0000 - 0x00007ffb9d318000 	C:\WINDOWS\SYSTEM32\USERENV.dll
0x00007ffb9ce00000 - 0x00007ffb9ce0c000 	C:\WINDOWS\SYSTEM32\CRYPTBASE.dll
0x00007ffb9c8f0000 - 0x00007ffb9c92d000 	C:\WINDOWS\SYSTEM32\IPHLPAPI.DLL
0x00007ffba1030000 - 0x00007ffba1038000 	C:\WINDOWS\System32\NSI.dll
0x00007ffb98990000 - 0x00007ffb989a6000 	C:\WINDOWS\SYSTEM32\dhcpcsvc6.DLL
0x00007ffb98780000 - 0x00007ffb9879c000 	C:\WINDOWS\SYSTEM32\dhcpcsvc.DLL
0x00007ffb9c940000 - 0x00007ffb9ca06000 	C:\WINDOWS\SYSTEM32\DNSAPI.dll
0x0000000059660000 - 0x0000000059684000 	C:\Program Files\Java\jdk1.8.0_91\jre\bin\sunec.dll
0x0000000059620000 - 0x000000005962b000 	C:\Program Files\Java\jdk1.8.0_91\jre\bin\sunmscapi.dll
0x00007ffb9dae0000 - 0x00007ffb9dcbb000 	C:\WINDOWS\System32\CRYPT32.dll
0x00007ffb9d3c0000 - 0x00007ffb9d3d2000 	C:\WINDOWS\System32\MSASN1.dll
0x0000000180000000 - 0x000000018009c000 	C:\Users\fd\AppData\Local\Temp\1575823928661-0\sqlite4java.dll
0x00007ffb94840000 - 0x00007ffb94a2d000 	C:\WINDOWS\SYSTEM32\dbghelp.dll

VM Arguments:
jvm_args: -ea -Didea.test.cyclic.buffer.size=1048576 -javaagent:C:\Program Files\Android\Android Studio\lib\idea_rt.jar=61520:C:\Program Files\Android\Android Studio\bin -Dfile.encoding=UTF-8 
java_command: com.intellij.rt.execution.junit.JUnitStarter -ideVersion5 @w@C:\Users\fd\AppData\Local\Temp\idea_working_dirs_junit.tmp @C:\Users\fd\AppData\Local\Temp\idea_junit.tmp -socket61519
java_class_path (initial): C:\Program Files\Android\Android Studio\lib\idea_rt.jar;C:\Program Files\Android\Android Studio\plugins\junit\lib\junit-rt.jar;C:\Program Files\Android\Android Studio\plugins\junit\lib\junit5-rt.jar;D:\Android\sdk\platforms\android-29\data\res;D:\Progetti\Sera\Android\Sera\app\build\intermediates\javac\debugUnitTest\classes;D:\Progetti\Sera\Android\Sera\app\build\intermediates\javac\debug\classes;D:\Progetti\Sera\Android\Sera\app\build\tmp\kapt3\classes\debugUnitTest;D:\Progetti\Sera\Android\Sera\app\build\intermediates\unit_test_config_directory\debugUnitTest\out;D:\Progetti\Sera\Android\Sera\app\build\tmp\kotlin-classes\debugUnitTest;D:\Progetti\Sera\Android\Sera\app\build\tmp\kotlin-classes\debug;D:\Progetti\Sera\Android\Sera\app\build\tmp\kapt3\classes\debug;D:\Progetti\Sera\Android\Sera\app\build\generated\res\resValues\debug;C:\Users\fd\.gradle\caches\modules-2\files-2.1\junit\junit\4.12\2973d150c0dc1fefe998f834810d68f278ea58ec\junit-4.12.jar;C:\Users\fd\.gradle\caches\modules-2\files-2.1\org.hamcrest\hamcrest-library\1.3\4785a3c21320980282f9f33d0d1264a69040538f\hamcrest-library-1.3.jar;C:\Users\fd\.gradle\caches\modules-2\files-2.1\org.hamcrest\hamcrest-core\1.3\42a25dc3219429f0e5d060061f71acb49bf010a0\hamcrest-core-1.3.jar;C:\Users\fd\.gradle\caches\modules-2\files-2.1\org.robolectric\robolectric\4.3.1\b7374ec0a3695a741ca984b9eaaa80632fb4a7f0\robolectric-4.3.1.jar;C:\Users\fd\.gradle\caches\modules-2\files-2.1\org.robolectric\shadows-framework\4.3.1\da048a93951f4d9e46519749c53b0f868dfdf425\shadows-framework-4.3.1.jar;C:\Users\fd\.gradle\caches\modules-2\files-2.1\org.jetbrains.kotlinx\kotlinx-coroutines-test\1.3.2\5ffb1a93286066d5f023c11af37054a37f2d941\kotlinx-coroutines-test-1.3.2.jar;C:\Users\fd\.gradle\caches\modules-2\files-2.1\org.jetbrains.kotlin\kotlin-test\1.3.50\92a66b17cc20735cfb1438512210b643813f7516\kotlin-test-1.3.50.jar;C:\Users\fd\.gradle\caches\modules-2\files-2.1\org.jetbrains.kotlin\kotlin-test-common\1.3.50\66
Launcher Type: SUN_STANDARD

Environment Variables:
JAVA_HOME=C:\Program Files\Java\jdk1.8.0_91
PATH=C:\Program Files\NVIDIA GPU Computing Toolkit\CUDA\v9.0\bin;C:\Program Files\NVIDIA GPU Computing Toolkit\CUDA\v9.0\libnvvp;C:\Python27\;C:\Python27\Scripts;C:\Program Files (x86)\Intel\iCLS Client\;C:\Program Files\Intel\iCLS Client\;C:\WINDOWS\system32;C:\WINDOWS;C:\WINDOWS\System32\Wbem;C:\WINDOWS\System32\WindowsPowerShell\v1.0\;C:\Program Files\Intel\Intel(R) Management Engine Components\DAL;C:\Program Files (x86)\Intel\Intel(R) Management Engine Components\DAL;C:\Program Files\Intel\Intel(R) Management Engine Components\IPT;C:\Program Files (x86)\Intel\Intel(R) Management Engine Components\IPT;C:\Program Files (x86)\GtkSharp\2.12\bin;D:\Android\ndk\android-ndk-r10e;C:\Program Files\Microsoft SQL Server\130\Tools\Binn\;C:\Program Files\dotnet\;C:\Program Files\Git\cmd;C:\WINDOWS\System32\OpenSSH\;C:\ProgramData\chocolatey\bin;C:\Program Files (x86)\Yarn\bin\;C:\Program Files (x86)\NVIDIA Corporation\PhysX\Common;C:\Python36\;C:\Python36\Scripts\;C:\Program Files\NVIDIA Corporation\NVIDIA NvDLISR;C:\Program Files\nodejs\;D:\Android\sdk\platform-tools\adb;;C:\WINDOWS\system32;C:\WINDOWS;C:\WINDOWS\System32\Wbem;C:\WINDOWS\System32\WindowsPowerShell\v1.0\;C:\WINDOWS\System32\OpenSSH\;C:\Python36\Scripts\;C:\Python36\;C:\Users\fd\AppData\Local\Microsoft\WindowsApps;C:\Program Files\Heroku\bin;C:\Program Files\Microsoft VS Code\bin;C:\Users\fd\AppData\Local\GitHubDesktop\bin;C:\Users\fd\AppData\Local\Programs\Microsoft VS Code\bin;C:\Users\fd\AppData\Local\Yarn\bin;D:\Flutter\sdk\flutter\bin;C:\Users\fd\AppData\Roaming\npm;C:\Users\fd\AppData\Local\Microsoft\WindowsApps;;C:\Program Files\Docker Toolbox
USERNAME=enrico
OS=Windows_NT
PROCESSOR_IDENTIFIER=Intel64 Family 6 Model 70 Stepping 1, GenuineIntel



---------------  S Y S T E M  ---------------

OS: Windows 10.0 , 64 bit Build 17763 (10.0.17763.475)

CPU:total 8 (4 cores per cpu, 2 threads per core) family 6 model 70 stepping 1, cmov, cx8, fxsr, mmx, sse, sse2, sse3, ssse3, sse4.1, sse4.2, popcnt, avx, avx2, aes, clmul, erms, lzcnt, ht, tsc, tscinvbit, bmi1, bmi2

Memory: 4k page, physical 16663504k(5902548k free), swap 20332488k(3980556k free)

vm_info: Java HotSpot(TM) 64-Bit Server VM (25.91-b15) for windows-amd64 JRE (1.8.0_91-b15), built on May 20 2016 17:43:15 by "java_re" with MS VC++ 10.0 (VS2010)

time: Sun Dec 08 17:52:10 2019
elapsed time: 7 seconds (0d 0h 0m 7s)

